"C:/Users/Dawid/Documents/Unreal Projects/AntsGame/Content/StarterContent/Textures/T_RockMesh_N.uasset" 0
"C:/Users/Dawid/Documents/Unreal Projects/AntsGame/Content/StarterContent/Textures/T_RockMesh_N.uexp" 1
"C:/Users/Dawid/Documents/Unreal Projects/AntsGame/Content/StarterContent/Textures/T_RockMesh_N.ubulk" 2
"C:/Users/Dawid/Documents/Unreal Projects/AntsGame/Content/StarterContent/Textures/T_RockMesh_M.uasset" 3
"C:/Users/Dawid/Documents/Unreal Projects/AntsGame/Content/StarterContent/Textures/T_RockMesh_M.uexp" 4
"C:/Users/Dawid/Documents/Unreal Projects/AntsGame/Content/StarterContent/Textures/T_RockMesh_M.ubulk" 5
"C:/Users/Dawid/Documents/Unreal Projects/AntsGame/Content/StarterContent/Textures/T_Rock_Basalt_D.uasset" 6
"C:/Users/Dawid/Documents/Unreal Projects/AntsGame/Content/StarterContent/Textures/T_Rock_Basalt_D.uexp" 7
"C:/Users/Dawid/Documents/Unreal Projects/AntsGame/Content/StarterContent/Textures/T_Rock_Basalt_D.ubulk" 8
"../../../Engine/Content/Functions/Engine_MaterialFunctions02/Utility/BlendAngleCorrectedNormals.uasset" 9
"../../../Engine/Content/Functions/Engine_MaterialFunctions02/Utility/BlendAngleCorrectedNormals.uexp" 10
"C:/Users/Dawid/Documents/Unreal Projects/AntsGame/Content/StarterContent/Textures/T_Detail_Rocky_N.uasset" 11
"C:/Users/Dawid/Documents/Unreal Projects/AntsGame/Content/StarterContent/Textures/T_Detail_Rocky_N.uexp" 12
"C:/Users/Dawid/Documents/Unreal Projects/AntsGame/Content/StarterContent/Textures/T_Detail_Rocky_N.ubulk" 13
"C:/Users/Dawid/Documents/Unreal Projects/AntsGame/Content/StarterContent/Props/Materials/M_Rock.uasset" 14
"C:/Users/Dawid/Documents/Unreal Projects/AntsGame/Content/StarterContent/Props/Materials/M_Rock.uexp" 15
"C:/Users/Dawid/Documents/Unreal Projects/AntsGame/Content/StarterContent/Props/SM_Rock.uasset" 16
"C:/Users/Dawid/Documents/Unreal Projects/AntsGame/Content/StarterContent/Props/SM_Rock.uexp" 17
"../../../Engine/Content/EditorBlueprintResources/StandardMacros.uasset" 18
"../../../Engine/Content/EditorBlueprintResources/StandardMacros.uexp" 19
"C:/Users/Dawid/Documents/Unreal Projects/AntsGame/Content/Blueprints/BP_Hive.uasset" 20
"C:/Users/Dawid/Documents/Unreal Projects/AntsGame/Content/Blueprints/BP_Hive.uexp" 21
"C:/Users/Dawid/Documents/Unreal Projects/AntsGame/Content/Assets/Raspberry/RaspberryNormal.uasset" 22
"C:/Users/Dawid/Documents/Unreal Projects/AntsGame/Content/Assets/Raspberry/RaspberryNormal.uexp" 23
"C:/Users/Dawid/Documents/Unreal Projects/AntsGame/Content/Assets/Raspberry/RaspberryNormal.ubulk" 24
"C:/Users/Dawid/Documents/Unreal Projects/AntsGame/Content/Assets/Raspberry/RaspberryLP.uasset" 25
"C:/Users/Dawid/Documents/Unreal Projects/AntsGame/Content/Assets/Raspberry/RaspberryLP.uexp" 26
"C:/Users/Dawid/Documents/Unreal Projects/AntsGame/Content/Assets/Raspberry/Raspberry.uasset" 27
"C:/Users/Dawid/Documents/Unreal Projects/AntsGame/Content/Assets/Raspberry/Raspberry.uexp" 28
"C:/Users/Dawid/Documents/Unreal Projects/AntsGame/Content/StarterContent/Textures/T_Smoke_Tiled_D.uasset" 29
"C:/Users/Dawid/Documents/Unreal Projects/AntsGame/Content/StarterContent/Textures/T_Smoke_Tiled_D.uexp" 30
"C:/Users/Dawid/Documents/Unreal Projects/AntsGame/Content/StarterContent/Textures/T_Smoke_Tiled_D.ubulk" 31
"C:/Users/Dawid/Documents/Unreal Projects/AntsGame/Content/StarterContent/Textures/T_Smoke_SubUV.uasset" 32
"C:/Users/Dawid/Documents/Unreal Projects/AntsGame/Content/StarterContent/Textures/T_Smoke_SubUV.uexp" 33
"C:/Users/Dawid/Documents/Unreal Projects/AntsGame/Content/StarterContent/Textures/T_Smoke_SubUV.ubulk" 34
"C:/Users/Dawid/Documents/Unreal Projects/AntsGame/Content/StarterContent/Particles/Materials/M_smoke_subUV.uasset" 35
"C:/Users/Dawid/Documents/Unreal Projects/AntsGame/Content/StarterContent/Particles/Materials/M_smoke_subUV.uexp" 36
"C:/Users/Dawid/Documents/Unreal Projects/AntsGame/Content/Blueprints/feromon_steam.uasset" 37
"C:/Users/Dawid/Documents/Unreal Projects/AntsGame/Content/Blueprints/feromon_steam.uexp" 38
"C:/Users/Dawid/Documents/Unreal Projects/AntsGame/Content/Blueprints/BP_Feromon.uasset" 39
"C:/Users/Dawid/Documents/Unreal Projects/AntsGame/Content/Blueprints/BP_Feromon.uexp" 40
"C:/Users/Dawid/Documents/Unreal Projects/AntsGame/Content/Units/UnitHeroe.uasset" 41
"C:/Users/Dawid/Documents/Unreal Projects/AntsGame/Content/Units/UnitHeroe.uexp" 42
"C:/Users/Dawid/Documents/Unreal Projects/AntsGame/Content/Blueprints/BP_Malina.uasset" 43
"C:/Users/Dawid/Documents/Unreal Projects/AntsGame/Content/Blueprints/BP_Malina.uexp" 44
"C:/Users/Dawid/Documents/Unreal Projects/AntsGame/Content/Units/UnitBlackboard.uasset" 45
"C:/Users/Dawid/Documents/Unreal Projects/AntsGame/Content/Units/UnitBlackboard.uexp" 46
"C:/Users/Dawid/Documents/Unreal Projects/AntsGame/Content/Units/UnitBehavior.uasset" 47
"C:/Users/Dawid/Documents/Unreal Projects/AntsGame/Content/Units/UnitBehavior.uexp" 48
"C:/Users/Dawid/Documents/Unreal Projects/AntsGame/Content/Units/UnitAI.uasset" 49
"C:/Users/Dawid/Documents/Unreal Projects/AntsGame/Content/Units/UnitAI.uexp" 50
"C:/Users/Dawid/Documents/Unreal Projects/AntsGame/Content/Units/CharSelectDecal__1_.uasset" 51
"C:/Users/Dawid/Documents/Unreal Projects/AntsGame/Content/Units/CharSelectDecal__1_.uexp" 52
"C:/Users/Dawid/Documents/Unreal Projects/AntsGame/Content/Units/CharSelectDecal__1_.ubulk" 53
"C:/Users/Dawid/Documents/Unreal Projects/AntsGame/Content/Units/UnitSelection_Mat.uasset" 54
"C:/Users/Dawid/Documents/Unreal Projects/AntsGame/Content/Units/UnitSelection_Mat.uexp" 55
"C:/Users/Dawid/Documents/Unreal Projects/AntsGame/Content/Blueprints/RTSCamera.uasset" 56
"C:/Users/Dawid/Documents/Unreal Projects/AntsGame/Content/Blueprints/RTSCamera.uexp" 57
"C:/Users/Dawid/Documents/Unreal Projects/AntsGame/Content/Blueprints/SelectionInterface.uasset" 58
"C:/Users/Dawid/Documents/Unreal Projects/AntsGame/Content/Blueprints/SelectionInterface.uexp" 59
"C:/Users/Dawid/Documents/Unreal Projects/AntsGame/Content/Blueprints/RTSController.uasset" 60
"C:/Users/Dawid/Documents/Unreal Projects/AntsGame/Content/Blueprints/RTSController.uexp" 61
"../../../Engine/Content/Animation/DefaultAnimCurveCompressionSettings.uasset" 62
"../../../Engine/Content/Animation/DefaultAnimCurveCompressionSettings.uexp" 63
"../../../Engine/Content/Animation/DefaultAnimBoneCompressionSettings.uasset" 64
"../../../Engine/Content/Animation/DefaultAnimBoneCompressionSettings.uexp" 65
"C:/Users/Dawid/Documents/Unreal Projects/AntsGame/Content/Assets/Units/Ant_Skeleton.uasset" 66
"C:/Users/Dawid/Documents/Unreal Projects/AntsGame/Content/Assets/Units/Ant_Skeleton.uexp" 67
"C:/Users/Dawid/Documents/Unreal Projects/AntsGame/Content/Assets/Units/animations/Move_Holding.uasset" 68
"C:/Users/Dawid/Documents/Unreal Projects/AntsGame/Content/Assets/Units/animations/Move_Holding.uexp" 69
"C:/Users/Dawid/Documents/Unreal Projects/AntsGame/Content/Assets/Units/Ant_PhysicsAsset.uasset" 70
"C:/Users/Dawid/Documents/Unreal Projects/AntsGame/Content/Assets/Units/Ant_PhysicsAsset.uexp" 71
"C:/Users/Dawid/Documents/Unreal Projects/AntsGame/Content/Assets/Units/AntLegNormal.uasset" 72
"C:/Users/Dawid/Documents/Unreal Projects/AntsGame/Content/Assets/Units/AntLegNormal.uexp" 73
"C:/Users/Dawid/Documents/Unreal Projects/AntsGame/Content/Assets/Units/AntLegNormal.ubulk" 74
"C:/Users/Dawid/Documents/Unreal Projects/AntsGame/Content/Assets/Units/AntLeg_ncl1_1.uasset" 75
"C:/Users/Dawid/Documents/Unreal Projects/AntsGame/Content/Assets/Units/AntLeg_ncl1_1.uexp" 76
"C:/Users/Dawid/Documents/Unreal Projects/AntsGame/Content/Assets/Units/AntLeg_ncl1_1.ubulk" 77
"C:/Users/Dawid/Documents/Unreal Projects/AntsGame/Content/Assets/Units/AntLeg.uasset" 78
"C:/Users/Dawid/Documents/Unreal Projects/AntsGame/Content/Assets/Units/AntLeg.uexp" 79
"C:/Users/Dawid/Documents/Unreal Projects/AntsGame/Content/Assets/Units/AntEyeNormal.uasset" 80
"C:/Users/Dawid/Documents/Unreal Projects/AntsGame/Content/Assets/Units/AntEyeNormal.uexp" 81
"C:/Users/Dawid/Documents/Unreal Projects/AntsGame/Content/Assets/Units/AntEyeNormal.ubulk" 82
"C:/Users/Dawid/Documents/Unreal Projects/AntsGame/Content/Assets/Units/AntEye.uasset" 83
"C:/Users/Dawid/Documents/Unreal Projects/AntsGame/Content/Assets/Units/AntEye.uexp" 84
"C:/Users/Dawid/Documents/Unreal Projects/AntsGame/Content/Assets/Units/AntBodyNormal.uasset" 85
"C:/Users/Dawid/Documents/Unreal Projects/AntsGame/Content/Assets/Units/AntBodyNormal.uexp" 86
"C:/Users/Dawid/Documents/Unreal Projects/AntsGame/Content/Assets/Units/AntBodyNormal.ubulk" 87
"C:/Users/Dawid/Documents/Unreal Projects/AntsGame/Content/Assets/Units/AntBody_ncl1_1.uasset" 88
"C:/Users/Dawid/Documents/Unreal Projects/AntsGame/Content/Assets/Units/AntBody_ncl1_1.uexp" 89
"C:/Users/Dawid/Documents/Unreal Projects/AntsGame/Content/Assets/Units/AntBody_ncl1_1.ubulk" 90
"C:/Users/Dawid/Documents/Unreal Projects/AntsGame/Content/Assets/Units/AntBody.uasset" 91
"C:/Users/Dawid/Documents/Unreal Projects/AntsGame/Content/Assets/Units/AntBody.uexp" 92
"C:/Users/Dawid/Documents/Unreal Projects/AntsGame/Content/Assets/Units/Ant.uasset" 93
"C:/Users/Dawid/Documents/Unreal Projects/AntsGame/Content/Assets/Units/Ant.uexp" 94
"C:/Users/Dawid/Documents/Unreal Projects/AntsGame/Content/Units/UnitBase.uasset" 95
"C:/Users/Dawid/Documents/Unreal Projects/AntsGame/Content/Units/UnitBase.uexp" 96
"C:/Users/Dawid/Documents/Unreal Projects/AntsGame/Content/Blueprints/RTSHUDCanvas.uasset" 97
"C:/Users/Dawid/Documents/Unreal Projects/AntsGame/Content/Blueprints/RTSHUDCanvas.uexp" 98
"C:/Users/Dawid/Documents/Unreal Projects/AntsGame/Content/Blueprints/BP_Pawn.uasset" 99
"C:/Users/Dawid/Documents/Unreal Projects/AntsGame/Content/Blueprints/BP_Pawn.uexp" 100
"C:/Users/Dawid/Documents/Unreal Projects/AntsGame/Content/Blueprints/RTSGameMode.uasset" 101
"C:/Users/Dawid/Documents/Unreal Projects/AntsGame/Content/Blueprints/RTSGameMode.uexp" 102
"../../../Engine/Content/Functions/Engine_MaterialFunctions01/Opacity/CameraDepthFade.uasset" 103
"../../../Engine/Content/Functions/Engine_MaterialFunctions01/Opacity/CameraDepthFade.uexp" 104
"../../../Engine/Content/EngineMaterials/T_Default_Material_Grid_N.uasset" 105
"../../../Engine/Content/EngineMaterials/T_Default_Material_Grid_N.uexp" 106
"../../../Engine/Content/EngineMaterials/T_Default_Material_Grid_N.ubulk" 107
"../../../Engine/Content/EngineMaterials/T_Default_Material_Grid_M.uasset" 108
"../../../Engine/Content/EngineMaterials/T_Default_Material_Grid_M.uexp" 109
"../../../Engine/Content/EngineMaterials/T_Default_Material_Grid_M.ubulk" 110
"../../../Engine/Content/EngineMaterials/WorldGridMaterial.uasset" 111
"../../../Engine/Content/EngineMaterials/WorldGridMaterial.uexp" 112
"../../../Engine/Content/ArtTools/RenderToTexture/Meshes/S_1_Unit_Plane.uasset" 113
"../../../Engine/Content/ArtTools/RenderToTexture/Meshes/S_1_Unit_Plane.uexp" 114
"../../../Engine/Content/EngineMaterials/DefaultMaterial.uasset" 115
"../../../Engine/Content/EngineMaterials/DefaultMaterial.uexp" 116
"../../../Engine/Content/BasicShapes/Cone.uasset" 117
"../../../Engine/Content/BasicShapes/Cone.uexp" 118
"../../../Engine/Content/BasicShapes/Cube.uasset" 119
"../../../Engine/Content/BasicShapes/Cube.uexp" 120
"../../../Engine/Content/BasicShapes/Plane.uasset" 121
"../../../Engine/Content/BasicShapes/Plane.uexp" 122
"../../../Engine/Content/BasicShapes/Sphere.uasset" 123
"../../../Engine/Content/BasicShapes/Sphere.uexp" 124
"../../../Engine/Content/EditorLandscapeResources/DataLayer.uasset" 125
"../../../Engine/Content/EditorLandscapeResources/DataLayer.uexp" 126
"../../../Engine/Content/EditorLandscapeResources/DefaultAlphaTexture.uasset" 127
"../../../Engine/Content/EditorLandscapeResources/DefaultAlphaTexture.uexp" 128
"../../../Engine/Content/EditorMaterials/MAT_Groups_Toggle.uasset" 129
"../../../Engine/Content/EditorMaterials/MAT_Groups_Toggle.uexp" 130
"../../../Engine/Content/EditorMaterials/MAT_Groups_Visibility.uasset" 131
"../../../Engine/Content/EditorMaterials/MAT_Groups_Visibility.uexp" 132
"../../../Engine/Content/EditorMaterials/PreviewShadowIndicator.uasset" 133
"../../../Engine/Content/EditorMaterials/PreviewShadowIndicator.uexp" 134
"../../../Engine/Content/EditorMaterials/PreviewShadowIndicator.ubulk" 135
"../../../Engine/Content/EditorMaterials/PreviewShadowIndicatorMaterial.uasset" 136
"../../../Engine/Content/EditorMaterials/PreviewShadowIndicatorMaterial.uexp" 137
"../../../Engine/Content/EditorMaterials/AssetViewer/EpicQuadPanorama_CC+EV1.uasset" 138
"../../../Engine/Content/EditorMaterials/AssetViewer/EpicQuadPanorama_CC+EV1.uexp" 139
"../../../Engine/Content/EditorMaterials/MatineeGroups/MAT_ColorTrack.uasset" 140
"../../../Engine/Content/EditorMaterials/MatineeGroups/MAT_ColorTrack.uexp" 141
"../../../Engine/Content/EditorMaterials/MatineeGroups/MAT_Groups_Anim.uasset" 142
"../../../Engine/Content/EditorMaterials/MatineeGroups/MAT_Groups_Anim.uexp" 143
"../../../Engine/Content/EditorMaterials/MatineeGroups/MAT_Groups_AudioMaster.uasset" 144
"../../../Engine/Content/EditorMaterials/MatineeGroups/MAT_Groups_AudioMaster.uexp" 145
"../../../Engine/Content/EditorMaterials/MatineeGroups/MAT_Groups_Director.uasset" 146
"../../../Engine/Content/EditorMaterials/MatineeGroups/MAT_Groups_Director.uexp" 147
"../../../Engine/Content/EditorMaterials/MatineeGroups/MAT_Groups_Event.uasset" 148
"../../../Engine/Content/EditorMaterials/MatineeGroups/MAT_Groups_Event.uexp" 149
"../../../Engine/Content/EditorMaterials/MatineeGroups/MAT_Groups_Fade.uasset" 150
"../../../Engine/Content/EditorMaterials/MatineeGroups/MAT_Groups_Fade.uexp" 151
"../../../Engine/Content/EditorMaterials/MatineeGroups/MAT_Groups_Float.uasset" 152
"../../../Engine/Content/EditorMaterials/MatineeGroups/MAT_Groups_Float.uexp" 153
"../../../Engine/Content/EditorMaterials/MatineeGroups/MAT_Groups_Move.uasset" 154
"../../../Engine/Content/EditorMaterials/MatineeGroups/MAT_Groups_Move.uexp" 155
"../../../Engine/Content/EditorMaterials/MatineeGroups/MAT_Groups_Slomo.uasset" 156
"../../../Engine/Content/EditorMaterials/MatineeGroups/MAT_Groups_Slomo.uexp" 157
"../../../Engine/Content/EditorMaterials/MatineeGroups/MAT_Groups_Sound.uasset" 158
"../../../Engine/Content/EditorMaterials/MatineeGroups/MAT_Groups_Sound.uexp" 159
"../../../Engine/Content/EditorMaterials/MatineeGroups/MAT_Groups_Vector.uasset" 160
"../../../Engine/Content/EditorMaterials/MatineeGroups/MAT_Groups_Vector.uexp" 161
"../../../Engine/Content/EditorMaterials/ParticleSystems/PSysThumbnail_NoImage.uasset" 162
"../../../Engine/Content/EditorMaterials/ParticleSystems/PSysThumbnail_NoImage.uexp" 163
"../../../Engine/Content/EditorMaterials/ParticleSystems/PSysThumbnail_NoImage.ubulk" 164
"../../../Engine/Content/EditorMaterials/ParticleSystems/PSysThumbnail_OOD.uasset" 165
"../../../Engine/Content/EditorMaterials/ParticleSystems/PSysThumbnail_OOD.uexp" 166
"../../../Engine/Content/EditorMaterials/ParticleSystems/PSysThumbnail_OOD.ubulk" 167
"../../../Engine/Content/EditorMaterials/Camera/CineMat.uasset" 168
"../../../Engine/Content/EditorMaterials/Camera/CineMat.uexp" 169
"../../../Engine/Content/EditorMaterials/Camera/MI_CineMat_Rig.uasset" 170
"../../../Engine/Content/EditorMaterials/Camera/MI_CineMat_Rig.uexp" 171
"../../../Engine/Content/EditorMeshes/Camera/SM_CraneRig_Arm.uasset" 172
"../../../Engine/Content/EditorMeshes/Camera/SM_CraneRig_Arm.uexp" 173
"../../../Engine/Content/EditorMeshes/Camera/SM_CraneRig_Base.uasset" 174
"../../../Engine/Content/EditorMeshes/Camera/SM_CraneRig_Base.uexp" 175
"../../../Engine/Content/EditorMeshes/Camera/SM_CraneRig_Body.uasset" 176
"../../../Engine/Content/EditorMeshes/Camera/SM_CraneRig_Body.uexp" 177
"../../../Engine/Content/EditorMeshes/Camera/SM_CraneRig_Mount.uasset" 178
"../../../Engine/Content/EditorMeshes/Camera/SM_CraneRig_Mount.uexp" 179
"../../../Engine/Content/EditorMeshes/Camera/SM_RailRig_Mount.uasset" 180
"../../../Engine/Content/EditorMeshes/Camera/SM_RailRig_Mount.uexp" 181
"../../../Engine/Content/EditorMeshes/Camera/SM_RailRig_Track.uasset" 182
"../../../Engine/Content/EditorMeshes/Camera/SM_RailRig_Track.uexp" 183
"../../../Engine/Content/EditorResources/BSPVertex.uasset" 184
"../../../Engine/Content/EditorResources/BSPVertex.uexp" 185
"../../../Engine/Content/EditorResources/EmptyActor.uasset" 186
"../../../Engine/Content/EditorResources/EmptyActor.uexp" 187
"../../../Engine/Content/EditorResources/S_Actor.uasset" 188
"../../../Engine/Content/EditorResources/S_Actor.uexp" 189
"../../../Engine/Content/EditorResources/S_Actor.ubulk" 190
"../../../Engine/Content/EditorResources/S_Note.uasset" 191
"../../../Engine/Content/EditorResources/S_Note.uexp" 192
"../../../Engine/Content/EditorResources/S_Note.ubulk" 193
"../../../Engine/Content/EditorResources/S_Solver.uasset" 194
"../../../Engine/Content/EditorResources/S_Solver.uexp" 195
"../../../Engine/Content/EditorResources/S_Solver.ubulk" 196
"../../../Engine/Content/EditorResources/S_Terrain.uasset" 197
"../../../Engine/Content/EditorResources/S_Terrain.uexp" 198
"../../../Engine/Content/EditorResources/S_Terrain.ubulk" 199
"../../../Engine/Content/EditorResources/S_Trigger.uasset" 200
"../../../Engine/Content/EditorResources/S_Trigger.uexp" 201
"../../../Engine/Content/EditorResources/S_Trigger.ubulk" 202
"../../../Engine/Content/EditorResources/LightIcons/S_LightError.uasset" 203
"../../../Engine/Content/EditorResources/LightIcons/S_LightError.uexp" 204
"../../../Engine/Content/EditorResources/SequenceRecorder/Countdown.uasset" 205
"../../../Engine/Content/EditorResources/SequenceRecorder/Countdown.uexp" 206
"../../../Engine/Content/EditorResources/SequenceRecorder/RecordingIndicator.uasset" 207
"../../../Engine/Content/EditorResources/SequenceRecorder/RecordingIndicator.uexp" 208
"../../../Engine/Content/EngineDamageTypes/DmgTypeBP_Environmental.uasset" 209
"../../../Engine/Content/EngineDamageTypes/DmgTypeBP_Environmental.uexp" 210
"../../../Engine/Content/EngineDebugMaterials/DebugEditorMaterial.uasset" 211
"../../../Engine/Content/EngineDebugMaterials/DebugEditorMaterial.uexp" 212
"../../../Engine/Content/EngineDebugMaterials/DebugMeshMaterial.uasset" 213
"../../../Engine/Content/EngineDebugMaterials/DebugMeshMaterial.uexp" 214
"../../../Engine/Content/EngineDebugMaterials/M_SimpleUnlitTranslucent.uasset" 215
"../../../Engine/Content/EngineDebugMaterials/M_SimpleUnlitTranslucent.uexp" 216
"../../../Engine/Content/EngineDebugMaterials/VolumeToRender.uasset" 217
"../../../Engine/Content/EngineDebugMaterials/VolumeToRender.uexp" 218
"../../../Engine/Content/Functions/Engine_MaterialFunctions02/Utility/CameraDirectionVector.uasset" 219
"../../../Engine/Content/Functions/Engine_MaterialFunctions02/Utility/CameraDirectionVector.uexp" 220
"../../../Engine/Content/EngineDebugMaterials/M_VolumeRenderSphereTracePP.uasset" 221
"../../../Engine/Content/EngineDebugMaterials/M_VolumeRenderSphereTracePP.uexp" 222
"../../../Engine/Content/Functions/Engine_MaterialFunctions01/Shading/ConvertFromDiffSpec.uasset" 223
"../../../Engine/Content/Functions/Engine_MaterialFunctions01/Shading/ConvertFromDiffSpec.uexp" 224
"../../../Engine/Content/EngineDebugMaterials/VertexColorMaterial.uasset" 225
"../../../Engine/Content/EngineDebugMaterials/VertexColorMaterial.uexp" 226
"../../../Engine/Content/EngineDebugMaterials/WireframeMaterial.uasset" 227
"../../../Engine/Content/EngineDebugMaterials/WireframeMaterial.uexp" 228
"../../../Engine/Content/EngineFonts/Faces/RobotoRegular.uasset" 229
"../../../Engine/Content/EngineFonts/Faces/RobotoRegular.uexp" 230
"../../../Engine/Content/EngineFonts/Faces/RobotoRegular.ufont" 231
"../../../Engine/Content/EngineFonts/Faces/RobotoLight.uasset" 232
"../../../Engine/Content/EngineFonts/Faces/RobotoLight.uexp" 233
"../../../Engine/Content/EngineFonts/Faces/RobotoLight.ufont" 234
"../../../Engine/Content/EngineFonts/Faces/RobotoItalic.uasset" 235
"../../../Engine/Content/EngineFonts/Faces/RobotoItalic.uexp" 236
"../../../Engine/Content/EngineFonts/Faces/RobotoItalic.ufont" 237
"../../../Engine/Content/EngineFonts/Faces/RobotoBoldItalic.uasset" 238
"../../../Engine/Content/EngineFonts/Faces/RobotoBoldItalic.uexp" 239
"../../../Engine/Content/EngineFonts/Faces/RobotoBoldItalic.ufont" 240
"../../../Engine/Content/EngineFonts/Faces/RobotoBold.uasset" 241
"../../../Engine/Content/EngineFonts/Faces/RobotoBold.uexp" 242
"../../../Engine/Content/EngineFonts/Faces/RobotoBold.ufont" 243
"../../../Engine/Content/EngineFonts/Faces/DroidSansFallback.uasset" 244
"../../../Engine/Content/EngineFonts/Faces/DroidSansFallback.uexp" 245
"../../../Engine/Content/EngineFonts/Faces/DroidSansFallback.ufont" 246
"../../../Engine/Content/EngineFonts/Roboto.uasset" 247
"../../../Engine/Content/EngineFonts/Roboto.uexp" 248
"../../../Engine/Content/EngineMaterials/BaseFlattenNormalMap.uasset" 249
"../../../Engine/Content/EngineMaterials/BaseFlattenNormalMap.uexp" 250
"../../../Engine/Content/EngineMaterials/BaseFlattenGrayscaleMap.uasset" 251
"../../../Engine/Content/EngineMaterials/BaseFlattenGrayscaleMap.uexp" 252
"../../../Engine/Content/EngineMaterials/BaseFlattenEmissiveMap.uasset" 253
"../../../Engine/Content/EngineMaterials/BaseFlattenEmissiveMap.uexp" 254
"../../../Engine/Content/EngineMaterials/BaseFlattenDiffuseMap.uasset" 255
"../../../Engine/Content/EngineMaterials/BaseFlattenDiffuseMap.uexp" 256
"../../../Engine/Content/EngineMaterials/BaseFlattenMaterial.uasset" 257
"../../../Engine/Content/EngineMaterials/BaseFlattenMaterial.uexp" 258
"../../../Engine/Content/EngineMaterials/BlueNoise.uasset" 259
"../../../Engine/Content/EngineMaterials/BlueNoise.uexp" 260
"../../../Engine/Content/EngineMaterials/DefaultBloomKernel.uasset" 261
"../../../Engine/Content/EngineMaterials/DefaultBloomKernel.uexp" 262
"../../../Engine/Content/EngineMaterials/DefaultBokeh.uasset" 263
"../../../Engine/Content/EngineMaterials/DefaultBokeh.uexp" 264
"../../../Engine/Content/EngineMaterials/DefaultDiffuse.uasset" 265
"../../../Engine/Content/EngineMaterials/DefaultDiffuse.uexp" 266
"../../../Engine/Content/EngineMaterials/DefaultDiffuse.ubulk" 267
"../../../Engine/Content/EngineMaterials/DefaultDeferredDecalMaterial.uasset" 268
"../../../Engine/Content/EngineMaterials/DefaultDeferredDecalMaterial.uexp" 269
"../../../Engine/Content/EngineMaterials/DefaultLightFunctionMaterial.uasset" 270
"../../../Engine/Content/EngineMaterials/DefaultLightFunctionMaterial.uexp" 271
"../../../Engine/Content/Functions/Engine_MaterialFunctions02/Utility/BreakOutFloat2Components.uasset" 272
"../../../Engine/Content/Functions/Engine_MaterialFunctions02/Utility/BreakOutFloat2Components.uexp" 273
"../../../Engine/Content/EngineMaterials/DefaultPostProcessMaterial.uasset" 274
"../../../Engine/Content/EngineMaterials/DefaultPostProcessMaterial.uexp" 275
"../../../Engine/Content/EngineFonts/RobotoDistanceField.uasset" 276
"../../../Engine/Content/EngineFonts/RobotoDistanceField.uexp" 277
"../../../Engine/Content/EngineMaterials/DefaultTextMaterialOpaque.uasset" 278
"../../../Engine/Content/EngineMaterials/DefaultTextMaterialOpaque.uexp" 279
"../../../Engine/Content/EngineMaterials/DefaultWhiteGrid.uasset" 280
"../../../Engine/Content/EngineMaterials/DefaultWhiteGrid.uexp" 281
"../../../Engine/Content/EngineMaterials/DefaultWhiteGrid.ubulk" 282
"../../../Engine/Content/EngineMaterials/DefaultWhiteGrid_Low.uasset" 283
"../../../Engine/Content/EngineMaterials/DefaultWhiteGrid_Low.uexp" 284
"../../../Engine/Content/EngineMaterials/EmissiveMeshMaterial.uasset" 285
"../../../Engine/Content/EngineMaterials/EmissiveMeshMaterial.uexp" 286
"../../../Engine/Content/EngineMaterials/GizmoMaterial.uasset" 287
"../../../Engine/Content/EngineMaterials/GizmoMaterial.uexp" 288
"../../../Engine/Content/EngineMaterials/Good64x64TilingNoiseHighFreq.uasset" 289
"../../../Engine/Content/EngineMaterials/Good64x64TilingNoiseHighFreq.uexp" 290
"../../../Engine/Content/EngineMaterials/MiniFont.uasset" 291
"../../../Engine/Content/EngineMaterials/MiniFont.uexp" 292
"../../../Engine/Content/EngineMaterials/InvalidLightmapSettings.uasset" 293
"../../../Engine/Content/EngineMaterials/InvalidLightmapSettings.uexp" 294
"../../../Engine/Content/EngineMaterials/InvalidLightmapSettings.ubulk" 295
"../../../Engine/Content/EngineMaterials/M_InvalidLightmapSettings.uasset" 296
"../../../Engine/Content/EngineMaterials/M_InvalidLightmapSettings.uexp" 297
"../../../Engine/Content/Functions/Engine_MaterialFunctions02/WorldPositionOffset/CameraOffset.uasset" 298
"../../../Engine/Content/Functions/Engine_MaterialFunctions02/WorldPositionOffset/CameraOffset.uexp" 299
"../../../Engine/Content/EngineMaterials/PhAT_JointLimitMaterial.uasset" 300
"../../../Engine/Content/EngineMaterials/PhAT_JointLimitMaterial.uexp" 301
"../../../Engine/Content/EngineMaterials/DefaultCalibrationColor.uasset" 302
"../../../Engine/Content/EngineMaterials/DefaultCalibrationColor.uexp" 303
"../../../Engine/Content/EngineMaterials/PPM_DefaultCalibrationColor.uasset" 304
"../../../Engine/Content/EngineMaterials/PPM_DefaultCalibrationColor.uexp" 305
"../../../Engine/Content/EngineMaterials/DefaultCalibrationGrayscale.uasset" 306
"../../../Engine/Content/EngineMaterials/DefaultCalibrationGrayscale.uexp" 307
"../../../Engine/Content/EngineMaterials/PPM_DefaultCalibrationGrayscale.uasset" 308
"../../../Engine/Content/EngineMaterials/PPM_DefaultCalibrationGrayscale.uexp" 309
"../../../Engine/Content/EngineMaterials/PreintegratedSkinBRDF.uasset" 310
"../../../Engine/Content/EngineMaterials/PreintegratedSkinBRDF.uexp" 311
"../../../Engine/Content/EngineMaterials/RemoveSurfaceMaterial.uasset" 312
"../../../Engine/Content/EngineMaterials/RemoveSurfaceMaterial.uexp" 313
"../../../Engine/Content/EngineMaterials/WeightMapPlaceholderTexture.uasset" 314
"../../../Engine/Content/EngineMaterials/WeightMapPlaceholderTexture.uexp" 315
"../../../Engine/Content/EngineResources/WhiteSquareTexture.uasset" 316
"../../../Engine/Content/EngineResources/WhiteSquareTexture.uexp" 317
"../../../Engine/Content/EngineMaterials/Widget3DPassThrough.uasset" 318
"../../../Engine/Content/EngineMaterials/Widget3DPassThrough.uexp" 319
"../../../Engine/Content/EngineMaterials/Widget3DPassThrough_Masked.uasset" 320
"../../../Engine/Content/EngineMaterials/Widget3DPassThrough_Masked.uexp" 321
"../../../Engine/Content/EngineMaterials/Widget3DPassThrough_Opaque.uasset" 322
"../../../Engine/Content/EngineMaterials/Widget3DPassThrough_Opaque.uexp" 323
"../../../Engine/Content/EngineMaterials/Widget3DPassThrough_Masked_OneSided.uasset" 324
"../../../Engine/Content/EngineMaterials/Widget3DPassThrough_Masked_OneSided.uexp" 325
"../../../Engine/Content/EngineMaterials/Widget3DPassThrough_Opaque_OneSided.uasset" 326
"../../../Engine/Content/EngineMaterials/Widget3DPassThrough_Opaque_OneSided.uexp" 327
"../../../Engine/Content/EngineMaterials/Widget3DPassThrough_Translucent.uasset" 328
"../../../Engine/Content/EngineMaterials/Widget3DPassThrough_Translucent.uexp" 329
"../../../Engine/Content/EngineMaterials/Widget3DPassThrough_Translucent_OneSided.uasset" 330
"../../../Engine/Content/EngineMaterials/Widget3DPassThrough_Translucent_OneSided.uexp" 331
"../../../Engine/Content/EngineMeshes/Cylinder.uasset" 332
"../../../Engine/Content/EngineMeshes/Cylinder.uexp" 333
"../../../Engine/Content/EngineMeshes/Sphere.uasset" 334
"../../../Engine/Content/EngineMeshes/Sphere.uexp" 335
"../../../Engine/Content/EngineResources/DefaultTextureCube.uasset" 336
"../../../Engine/Content/EngineResources/DefaultTextureCube.uexp" 337
"../../../Engine/Content/EngineResources/DefaultVolumeTexture2D.uasset" 338
"../../../Engine/Content/EngineResources/DefaultVolumeTexture2D.uexp" 339
"../../../Engine/Content/EngineResources/DefaultVolumeTexture.uasset" 340
"../../../Engine/Content/EngineResources/DefaultVolumeTexture.uexp" 341
"../../../Engine/Content/EngineResources/GradientTexture0.uasset" 342
"../../../Engine/Content/EngineResources/GradientTexture0.uexp" 343
"../../../Engine/Content/EngineSky/VolumetricClouds/T_NoiseShape64.uasset" 344
"../../../Engine/Content/EngineSky/VolumetricClouds/T_NoiseShape64.uexp" 345
"../../../Engine/Content/EngineSky/VolumetricClouds/T_NoiseShape64.ubulk" 346
"../../../Engine/Content/EngineSky/VolumetricClouds/T_VolumeNoiseShape64.uasset" 347
"../../../Engine/Content/EngineSky/VolumetricClouds/T_VolumeNoiseShape64.uexp" 348
"../../../Engine/Content/EngineSky/VolumetricClouds/T_NoiseErosion.uasset" 349
"../../../Engine/Content/EngineSky/VolumetricClouds/T_NoiseErosion.uexp" 350
"../../../Engine/Content/EngineSky/VolumetricClouds/T_NoiseErosion.ubulk" 351
"../../../Engine/Content/EngineSky/VolumetricClouds/T_VolumeNoiseErosion32.uasset" 352
"../../../Engine/Content/EngineSky/VolumetricClouds/T_VolumeNoiseErosion32.uexp" 353
"../../../Engine/Content/EngineSky/VolumetricClouds/CloudWeatherTexture.uasset" 354
"../../../Engine/Content/EngineSky/VolumetricClouds/CloudWeatherTexture.uexp" 355
"../../../Engine/Content/EngineSky/VolumetricClouds/CloudGradientTexture.uasset" 356
"../../../Engine/Content/EngineSky/VolumetricClouds/CloudGradientTexture.uexp" 357
"../../../Engine/Content/Functions/Engine_MaterialFunctions02/Utility/MakeFloat2.uasset" 358
"../../../Engine/Content/Functions/Engine_MaterialFunctions02/Utility/MakeFloat2.uexp" 359
"../../../Engine/Content/EngineSky/VolumetricClouds/m_SimpleVolumetricCloud.uasset" 360
"../../../Engine/Content/EngineSky/VolumetricClouds/m_SimpleVolumetricCloud.uexp" 361
"../../../Engine/Content/EngineSky/VolumetricClouds/m_SimpleVolumetricCloud_Inst.uasset" 362
"../../../Engine/Content/EngineSky/VolumetricClouds/m_SimpleVolumetricCloud_Inst.uexp" 363
"../../../Engine/Content/EngineSounds/Master.uasset" 364
"../../../Engine/Content/EngineSounds/Master.uexp" 365
"../../../Engine/Content/Functions/Engine_MaterialFunctions01/Shading/PowerToRoughness.uasset" 366
"../../../Engine/Content/Functions/Engine_MaterialFunctions01/Shading/PowerToRoughness.uexp" 367
"../../../Engine/Content/Maps/Templates/Thumbnails/Default.uasset" 368
"../../../Engine/Content/Maps/Templates/Thumbnails/Default.uexp" 369
"../../../Engine/Content/Maps/Templates/Thumbnails/TimeOfDay.uasset" 370
"../../../Engine/Content/Maps/Templates/Thumbnails/TimeOfDay.uexp" 371
"../../../Engine/Content/Maps/Templates/Thumbnails/VR-Basic.uasset" 372
"../../../Engine/Content/Maps/Templates/Thumbnails/VR-Basic.uexp" 373
"../../../Engine/Content/MobileResources/T_MobileControls_texture.uasset" 374
"../../../Engine/Content/MobileResources/T_MobileControls_texture.uexp" 375
"../../../Engine/Content/MobileResources/T_MobileMenu2.uasset" 376
"../../../Engine/Content/MobileResources/T_MobileMenu2.uexp" 377
"../../../Engine/Content/MobileResources/HUD/AnalogHat.uasset" 378
"../../../Engine/Content/MobileResources/HUD/AnalogHat.uexp" 379
"../../../Engine/Content/MobileResources/HUD/VirtualJoystick_Thumb.uasset" 380
"../../../Engine/Content/MobileResources/HUD/VirtualJoystick_Thumb.uexp" 381
"../../../Engine/Content/MobileResources/HUD/VirtualJoystick_Background.uasset" 382
"../../../Engine/Content/MobileResources/HUD/VirtualJoystick_Background.uexp" 383
"../../../Engine/Content/MobileResources/HUD/DefaultVirtualJoysticks.uasset" 384
"../../../Engine/Content/MobileResources/HUD/DefaultVirtualJoysticks.uexp" 385
"../../../Engine/Content/MobileResources/HUD/LeftVirtualJoystickOnly.uasset" 386
"../../../Engine/Content/MobileResources/HUD/LeftVirtualJoystickOnly.uexp" 387
"../../../Engine/Content/MobileResources/HUD/MobileHUDButton1_off.uasset" 388
"../../../Engine/Content/MobileResources/HUD/MobileHUDButton1_off.uexp" 389
"../../../Engine/Content/MobileResources/HUD/MobileHUDButton1_on.uasset" 390
"../../../Engine/Content/MobileResources/HUD/MobileHUDButton1_on.uexp" 391
"../../../Engine/Content/MobileResources/HUD/MobileHUDButton2_off.uasset" 392
"../../../Engine/Content/MobileResources/HUD/MobileHUDButton2_off.uexp" 393
"../../../Engine/Content/MobileResources/HUD/MobileHUDButton2_on.uasset" 394
"../../../Engine/Content/MobileResources/HUD/MobileHUDButton2_on.uexp" 395
"../../../Engine/Content/MobileResources/HUD/MobileHUDButton3.uasset" 396
"../../../Engine/Content/MobileResources/HUD/MobileHUDButton3.uexp" 397
"../../../Engine/Content/MobileResources/HUD/MobileHUDButtonFire.uasset" 398
"../../../Engine/Content/MobileResources/HUD/MobileHUDButtonFire.uexp" 399
"../../../Engine/Content/MobileResources/HUD/MobileHUDDirectionPad.uasset" 400
"../../../Engine/Content/MobileResources/HUD/MobileHUDDirectionPad.uexp" 401
"../../../Engine/Content/MobileResources/HUD/MobileHUDDirectionPad2.uasset" 402
"../../../Engine/Content/MobileResources/HUD/MobileHUDDirectionPad2.uexp" 403
"../../../Engine/Content/MobileResources/HUD/MobileHUDDirectionPad3.uasset" 404
"../../../Engine/Content/MobileResources/HUD/MobileHUDDirectionPad3.uexp" 405
"../../../Engine/Content/MobileResources/HUD/MobileHUDDirectionStick.uasset" 406
"../../../Engine/Content/MobileResources/HUD/MobileHUDDirectionStick.uexp" 407
"../../../Engine/Content/MobileResources/HUD/T_Castle_ThumbstickInner.uasset" 408
"../../../Engine/Content/MobileResources/HUD/T_Castle_ThumbstickInner.uexp" 409
"../../../Engine/Content/MobileResources/HUD/T_Castle_ThumbstickOutter.uasset" 410
"../../../Engine/Content/MobileResources/HUD/T_Castle_ThumbstickOutter.uexp" 411
"../../../Engine/Content/Tutorial/ContentIntroCurve.uasset" 412
"../../../Engine/Content/Tutorial/ContentIntroCurve.uexp" 413
"../../../Engine/Content/VREditor/TransformGizmo/TranslucentTransformGizmoMaterial.uasset" 414
"../../../Engine/Content/VREditor/TransformGizmo/TranslucentTransformGizmoMaterial.uexp" 415
"../../../Engine/Content/VREditor/LaserPointer/VR_LaserPower_01.uasset" 416
"../../../Engine/Content/VREditor/LaserPointer/VR_LaserPower_01.uexp" 417
"../../../Engine/Content/VREditor/LaserPointer/VR_LaserPower_01.ubulk" 418
"../../../Engine/Content/VREditor/TransformGizmo/TransformGizmoMaterial.uasset" 419
"../../../Engine/Content/VREditor/TransformGizmo/TransformGizmoMaterial.uexp" 420
"../../../Engine/Content/VREditor/TransformGizmo/BoundingBoxCorner.uasset" 421
"../../../Engine/Content/VREditor/TransformGizmo/BoundingBoxCorner.uexp" 422
"../../../Engine/Content/VREditor/TransformGizmo/BoundingBoxEdge.uasset" 423
"../../../Engine/Content/VREditor/TransformGizmo/BoundingBoxEdge.uexp" 424
"../../../Engine/Content/VREditor/TransformGizmo/PlaneTranslationHandle.uasset" 425
"../../../Engine/Content/VREditor/TransformGizmo/PlaneTranslationHandle.uexp" 426
"../../../Engine/Content/VREditor/TransformGizmo/Xray.uasset" 427
"../../../Engine/Content/VREditor/TransformGizmo/Xray.uexp" 428
"../../../Engine/Content/VREditor/TransformGizmo/Main.uasset" 429
"../../../Engine/Content/VREditor/TransformGizmo/Main.uexp" 430
"../../../Engine/Content/VREditor/TransformGizmo/SM_Sequencer_Key.uasset" 431
"../../../Engine/Content/VREditor/TransformGizmo/SM_Sequencer_Key.uexp" 432
"../../../Engine/Content/VREditor/TransformGizmo/SM_Sequencer_Node.uasset" 433
"../../../Engine/Content/VREditor/TransformGizmo/SM_Sequencer_Node.uexp" 434
"../../../Engine/Plugins/2D/Paper2D/Content/PlaceholderTextures/DummySpriteTexture.uasset" 435
"../../../Engine/Plugins/2D/Paper2D/Content/PlaceholderTextures/DummySpriteTexture.uexp" 436
"../../../Engine/Plugins/2D/Paper2D/Content/PlaceholderTextures/DummySpriteTexture.ubulk" 437
"../../../Engine/Plugins/2D/Paper2D/Content/DummySprite.uasset" 438
"../../../Engine/Plugins/2D/Paper2D/Content/DummySprite.uexp" 439
"../../../Engine/Plugins/2D/Paper2D/Content/DefaultPaperTerrainMaterial.uasset" 440
"../../../Engine/Plugins/2D/Paper2D/Content/DefaultPaperTerrainMaterial.uexp" 441
"../../../Engine/Plugins/2D/Paper2D/Content/DefaultSpriteMaterial.uasset" 442
"../../../Engine/Plugins/2D/Paper2D/Content/DefaultSpriteMaterial.uexp" 443
"../../../Engine/Plugins/2D/Paper2D/Content/MaskedUnlitSpriteMaterial.uasset" 444
"../../../Engine/Plugins/2D/Paper2D/Content/MaskedUnlitSpriteMaterial.uexp" 445
"../../../Engine/Plugins/2D/Paper2D/Content/OpaqueUnlitSpriteMaterial.uasset" 446
"../../../Engine/Plugins/2D/Paper2D/Content/OpaqueUnlitSpriteMaterial.uexp" 447
"../../../Engine/Content/Functions/Engine_MaterialFunctions02/Utility/VectorLength.uasset" 448
"../../../Engine/Content/Functions/Engine_MaterialFunctions02/Utility/VectorLength.uexp" 449
"../../../Engine/Content/Functions/Engine_MaterialFunctions02/ObjectLocalBounds.uasset" 450
"../../../Engine/Content/Functions/Engine_MaterialFunctions02/ObjectLocalBounds.uexp" 451
"../../../Engine/Content/Functions/Engine_MaterialFunctions02/WorldPositionOffset/ObjectScale.uasset" 452
"../../../Engine/Content/Functions/Engine_MaterialFunctions02/WorldPositionOffset/ObjectScale.uexp" 453
"../../../Engine/Content/Functions/Engine_MaterialFunctions02/Utility/BreakOutFloat3Components.uasset" 454
"../../../Engine/Content/Functions/Engine_MaterialFunctions02/Utility/BreakOutFloat3Components.uexp" 455
"../../../Engine/Plugins/Editor/SpeedTreeImporter/Content/SpeedTree9/UnpackInteger3.uasset" 456
"../../../Engine/Plugins/Editor/SpeedTreeImporter/Content/SpeedTree9/UnpackInteger3.uexp" 457
"../../../Engine/Plugins/Editor/SpeedTreeImporter/Content/SpeedTree9/UnpackDirection.uasset" 458
"../../../Engine/Plugins/Editor/SpeedTreeImporter/Content/SpeedTree9/UnpackDirection.uexp" 459
"../../../Engine/Plugins/Editor/SpeedTreeImporter/Content/SpeedTree9/game_wind_noise.uasset" 460
"../../../Engine/Plugins/Editor/SpeedTreeImporter/Content/SpeedTree9/game_wind_noise.uexp" 461
"../../../Engine/Plugins/Editor/SpeedTreeImporter/Content/SpeedTree9/game_wind_noise.ubulk" 462
"../../../Engine/Content/Functions/Engine_MaterialFunctions02/SafeNormalize.uasset" 463
"../../../Engine/Content/Functions/Engine_MaterialFunctions02/SafeNormalize.uexp" 464
"../../../Engine/Plugins/Editor/SpeedTreeImporter/Content/SpeedTree9/SpeedTreeWindMotion.uasset" 465
"../../../Engine/Plugins/Editor/SpeedTreeImporter/Content/SpeedTree9/SpeedTreeWindMotion.uexp" 466
"../../../Engine/Plugins/Editor/SpeedTreeImporter/Content/SpeedTree9/SpeedTreeBranchMotion.uasset" 467
"../../../Engine/Plugins/Editor/SpeedTreeImporter/Content/SpeedTree9/SpeedTreeBranchMotion.uexp" 468
"../../../Engine/Content/Functions/Engine_MaterialFunctions02/UVs/BoundingBoxBased_0-1_UVW.uasset" 469
"../../../Engine/Content/Functions/Engine_MaterialFunctions02/UVs/BoundingBoxBased_0-1_UVW.uexp" 470
"../../../Engine/Plugins/Editor/SpeedTreeImporter/Content/SpeedTree9/SpeedTreeWind.uasset" 471
"../../../Engine/Plugins/Editor/SpeedTreeImporter/Content/SpeedTree9/SpeedTreeWind.uexp" 472
"../../../Engine/Plugins/Editor/SpeedTreeImporter/Content/SpeedTree9/SpeedTreeBillboard.uasset" 473
"../../../Engine/Plugins/Editor/SpeedTreeImporter/Content/SpeedTree9/SpeedTreeBillboard.uexp" 474
"../../../Engine/Plugins/Editor/SpeedTreeImporter/Content/SpeedTree9/EmptyNormal.uasset" 475
"../../../Engine/Plugins/Editor/SpeedTreeImporter/Content/SpeedTree9/EmptyNormal.uexp" 476
"../../../Engine/Plugins/Editor/SpeedTreeImporter/Content/SpeedTree9/Empty.uasset" 477
"../../../Engine/Plugins/Editor/SpeedTreeImporter/Content/SpeedTree9/Empty.uexp" 478
"../../../Engine/Plugins/Editor/SpeedTreeImporter/Content/SpeedTree9/SpeedTreeBillboardMaster.uasset" 479
"../../../Engine/Plugins/Editor/SpeedTreeImporter/Content/SpeedTree9/SpeedTreeBillboardMaster.uexp" 480
"../../../Engine/Plugins/Editor/SpeedTreeImporter/Content/SpeedTree9/SpeedTreeCameraFacing.uasset" 481
"../../../Engine/Plugins/Editor/SpeedTreeImporter/Content/SpeedTree9/SpeedTreeCameraFacing.uexp" 482
"../../../Engine/Plugins/Editor/SpeedTreeImporter/Content/SpeedTree9/SpeedTreeMaster.uasset" 483
"../../../Engine/Plugins/Editor/SpeedTreeImporter/Content/SpeedTree9/SpeedTreeMaster.uexp" 484
"../../../Engine/Plugins/Enterprise/DatasmithContent/Content/Materials/TileMirrorAxis.uasset" 485
"../../../Engine/Plugins/Enterprise/DatasmithContent/Content/Materials/TileMirrorAxis.uexp" 486
"../../../Engine/Content/Functions/Engine_MaterialFunctions02/Texturing/CustomRotator.uasset" 487
"../../../Engine/Content/Functions/Engine_MaterialFunctions02/Texturing/CustomRotator.uexp" 488
"../../../Engine/Plugins/Enterprise/DatasmithContent/Content/Materials/UVEdit.uasset" 489
"../../../Engine/Plugins/Enterprise/DatasmithContent/Content/Materials/UVEdit.uexp" 490
"../../../Engine/Plugins/Enterprise/DatasmithContent/Content/Materials/C4DMasterUV.uasset" 491
"../../../Engine/Plugins/Enterprise/DatasmithContent/Content/Materials/C4DMasterUV.uexp" 492
"../../../Engine/Content/Functions/Engine_MaterialFunctions01/Texturing/FlattenNormal.uasset" 493
"../../../Engine/Content/Functions/Engine_MaterialFunctions01/Texturing/FlattenNormal.uexp" 494
"../../../Engine/Content/Functions/Engine_MaterialFunctions02/HueShift.uasset" 495
"../../../Engine/Content/Functions/Engine_MaterialFunctions02/HueShift.uexp" 496
"../../../Engine/Content/EngineResources/Black.uasset" 497
"../../../Engine/Content/EngineResources/Black.uexp" 498
"../../../Engine/Content/EngineMaterials/T_Default_Normal.uasset" 499
"../../../Engine/Content/EngineMaterials/T_Default_Normal.uexp" 500
"../../../Engine/Content/EngineMaterials/T_Default_Normal.ubulk" 501
"../../../Engine/Content/ArtTools/RenderToTexture/Textures/127grey.uasset" 502
"../../../Engine/Content/ArtTools/RenderToTexture/Textures/127grey.uexp" 503
"../../../Engine/Content/EditorLandscapeResources/WhiteSquareTexture.uasset" 504
"../../../Engine/Content/EditorLandscapeResources/WhiteSquareTexture.uexp" 505
"../../../Engine/Plugins/Enterprise/DatasmithContent/Content/Materials/C4DMaster.uasset" 506
"../../../Engine/Plugins/Enterprise/DatasmithContent/Content/Materials/C4DMaster.uexp" 507
"../../../Engine/Content/EngineMaterials/FlatNormal.uasset" 508
"../../../Engine/Content/EngineMaterials/FlatNormal.uexp" 509
"../../../Engine/Plugins/Enterprise/DatasmithContent/Content/Materials/CE_BaseMaster.uasset" 510
"../../../Engine/Plugins/Enterprise/DatasmithContent/Content/Materials/CE_BaseMaster.uexp" 511
"../../../Engine/Plugins/Enterprise/DatasmithContent/Content/Materials/CE_OpacityMaster.uasset" 512
"../../../Engine/Plugins/Enterprise/DatasmithContent/Content/Materials/CE_OpacityMaster.uexp" 513
"../../../Engine/Plugins/Enterprise/DatasmithContent/Content/Materials/CE_OpacitySimpleMaster.uasset" 514
"../../../Engine/Plugins/Enterprise/DatasmithContent/Content/Materials/CE_OpacitySimpleMaster.uexp" 515
"../../../Engine/Plugins/Enterprise/DatasmithContent/Content/Materials/CE_OpaqueMaster.uasset" 516
"../../../Engine/Plugins/Enterprise/DatasmithContent/Content/Materials/CE_OpaqueMaster.uexp" 517
"../../../Engine/Content/Functions/Engine_MaterialFunctions03/Procedurals/NormalFromHeightmap.uasset" 518
"../../../Engine/Content/Functions/Engine_MaterialFunctions03/Procedurals/NormalFromHeightmap.uexp" 519
"../../../Engine/Content/EngineResources/DefaultTexture.uasset" 520
"../../../Engine/Content/EngineResources/DefaultTexture.uexp" 521
"../../../Engine/Content/EngineResources/DefaultTexture.ubulk" 522
"../../../Engine/Plugins/Enterprise/DatasmithContent/Content/Materials/RevitMaster.uasset" 523
"../../../Engine/Plugins/Enterprise/DatasmithContent/Content/Materials/RevitMaster.uexp" 524
"../../../Engine/Plugins/Enterprise/DatasmithContent/Content/Materials/SketchUpMaster.uasset" 525
"../../../Engine/Plugins/Enterprise/DatasmithContent/Content/Materials/SketchUpMaster.uexp" 526
"../../../Engine/Content/BasicShapes/Cylinder.uasset" 527
"../../../Engine/Content/BasicShapes/Cylinder.uexp" 528
"../../../Engine/Content/ArtTools/RenderToTexture/Materials/Debug/M_Emissive_Color.uasset" 529
"../../../Engine/Content/ArtTools/RenderToTexture/Materials/Debug/M_Emissive_Color.uexp" 530
"../../../Engine/Plugins/Lumin/MagicLeapPassableWorld/Content/MagicLeapARPinInfoActor.uasset" 531
"../../../Engine/Plugins/Lumin/MagicLeapPassableWorld/Content/MagicLeapARPinInfoActor.uexp" 532
"../../../Engine/Plugins/Experimental/Water/Content/Curves/FloatCurve_WaterBodyIsland.uasset" 533
"../../../Engine/Plugins/Experimental/Water/Content/Curves/FloatCurve_WaterBodyIsland.uexp" 534
"../../../Engine/Plugins/Experimental/Water/Content/Icons/WaterBodyCustomSprite.uasset" 535
"../../../Engine/Plugins/Experimental/Water/Content/Icons/WaterBodyCustomSprite.uexp" 536
"../../../Engine/Plugins/Experimental/Water/Content/Icons/WaterBodyExclusionVolumeSprite.uasset" 537
"../../../Engine/Plugins/Experimental/Water/Content/Icons/WaterBodyExclusionVolumeSprite.uexp" 538
"../../../Engine/Plugins/Experimental/Water/Content/Icons/WaterBodyIslandSprite.uasset" 539
"../../../Engine/Plugins/Experimental/Water/Content/Icons/WaterBodyIslandSprite.uexp" 540
"../../../Engine/Plugins/Experimental/Water/Content/Icons/WaterBodyLakeSprite.uasset" 541
"../../../Engine/Plugins/Experimental/Water/Content/Icons/WaterBodyLakeSprite.uexp" 542
"../../../Engine/Plugins/Experimental/Water/Content/Icons/WaterBodyOceanSprite.uasset" 543
"../../../Engine/Plugins/Experimental/Water/Content/Icons/WaterBodyOceanSprite.uexp" 544
"../../../Engine/Plugins/Experimental/Water/Content/Icons/WaterBodyRiverSprite.uasset" 545
"../../../Engine/Plugins/Experimental/Water/Content/Icons/WaterBodyRiverSprite.uexp" 546
"../../../Engine/Plugins/Experimental/Water/Content/Icons/WaterErrorSprite.uasset" 547
"../../../Engine/Plugins/Experimental/Water/Content/Icons/WaterErrorSprite.uexp" 548
"../../../Engine/Plugins/Experimental/Water/Content/Icons/WaterErrorSprite.ubulk" 549
"../../../Engine/Plugins/Experimental/Water/Content/Icons/WaterLandscapeBrushSprite.uasset" 550
"../../../Engine/Plugins/Experimental/Water/Content/Icons/WaterLandscapeBrushSprite.uexp" 551
"../../../Engine/Plugins/Experimental/Water/Content/Icons/WaterLandscapeBrushSprite.ubulk" 552
"../../../Engine/Plugins/Experimental/Water/Content/Icons/WaterMeshActorSprite.uasset" 553
"../../../Engine/Plugins/Experimental/Water/Content/Icons/WaterMeshActorSprite.uexp" 554
"../../../Engine/Plugins/Experimental/Water/Content/Icons/WaterMeshActorSprite.ubulk" 555
"../../../Engine/Plugins/Experimental/Water/Content/Icons/WaterSprite.uasset" 556
"../../../Engine/Plugins/Experimental/Water/Content/Icons/WaterSprite.uexp" 557
"../../../Engine/Plugins/Experimental/Water/Content/Meshes/LakeMesh.uasset" 558
"../../../Engine/Plugins/Experimental/Water/Content/Meshes/LakeMesh.uexp" 559
"../../../Engine/Plugins/Experimental/Water/Content/Waves/GerstnerWaves_Lake.uasset" 560
"../../../Engine/Plugins/Experimental/Water/Content/Waves/GerstnerWaves_Lake.uexp" 561
"../../../Engine/Plugins/Experimental/Water/Content/Waves/GerstnerWaves_Ocean.uasset" 562
"../../../Engine/Plugins/Experimental/Water/Content/Waves/GerstnerWaves_Ocean.uexp" 563
"../../../Engine/Plugins/Runtime/OpenXR/Content/Devices/GoogleDaydream/MRTexture.uasset" 564
"../../../Engine/Plugins/Runtime/OpenXR/Content/Devices/GoogleDaydream/MRTexture.uexp" 565
"../../../Engine/Plugins/Runtime/OpenXR/Content/Devices/GoogleDaydream/MRTexture.ubulk" 566
"../../../Engine/Plugins/Runtime/OpenXR/Content/Devices/GoogleDaydream/BaseTexture.uasset" 567
"../../../Engine/Plugins/Runtime/OpenXR/Content/Devices/GoogleDaydream/BaseTexture.uexp" 568
"../../../Engine/Plugins/Runtime/OpenXR/Content/Devices/GoogleDaydream/BaseTexture.ubulk" 569
"../../../Engine/Plugins/Runtime/OpenXR/Content/Devices/M_XRController.uasset" 570
"../../../Engine/Plugins/Runtime/OpenXR/Content/Devices/M_XRController.uexp" 571
"../../../Engine/Plugins/Runtime/OpenXR/Content/Devices/GoogleDaydream/MI_GoogleDaydream.uasset" 572
"../../../Engine/Plugins/Runtime/OpenXR/Content/Devices/GoogleDaydream/MI_GoogleDaydream.uexp" 573
"../../../Engine/Plugins/Runtime/OpenXR/Content/Devices/GoogleDaydream/GoogleDaydreamController.uasset" 574
"../../../Engine/Plugins/Runtime/OpenXR/Content/Devices/GoogleDaydream/GoogleDaydreamController.uexp" 575
"../../../Engine/Plugins/Runtime/OpenXR/Content/Devices/HTCVive/BaseTexture.uasset" 576
"../../../Engine/Plugins/Runtime/OpenXR/Content/Devices/HTCVive/BaseTexture.uexp" 577
"../../../Engine/Plugins/Runtime/OpenXR/Content/Devices/HTCVive/BaseTexture.ubulk" 578
"../../../Engine/Plugins/Runtime/OpenXR/Content/Devices/HTCVive/MI_HTCVive.uasset" 579
"../../../Engine/Plugins/Runtime/OpenXR/Content/Devices/HTCVive/MI_HTCVive.uexp" 580
"../../../Engine/Plugins/Runtime/OpenXR/Content/Devices/HTCVive/HTCViveController.uasset" 581
"../../../Engine/Plugins/Runtime/OpenXR/Content/Devices/HTCVive/HTCViveController.uexp" 582
"../../../Engine/Plugins/Runtime/OpenXR/Content/Devices/MicrosoftMixedReality/NormalTexture.uasset" 583
"../../../Engine/Plugins/Runtime/OpenXR/Content/Devices/MicrosoftMixedReality/NormalTexture.uexp" 584
"../../../Engine/Plugins/Runtime/OpenXR/Content/Devices/MicrosoftMixedReality/NormalTexture.ubulk" 585
"../../../Engine/Plugins/Runtime/OpenXR/Content/Devices/MicrosoftMixedReality/MRTexture.uasset" 586
"../../../Engine/Plugins/Runtime/OpenXR/Content/Devices/MicrosoftMixedReality/MRTexture.uexp" 587
"../../../Engine/Plugins/Runtime/OpenXR/Content/Devices/MicrosoftMixedReality/MRTexture.ubulk" 588
"../../../Engine/Plugins/Runtime/OpenXR/Content/Devices/MicrosoftMixedReality/EmissiveTexture.uasset" 589
"../../../Engine/Plugins/Runtime/OpenXR/Content/Devices/MicrosoftMixedReality/EmissiveTexture.uexp" 590
"../../../Engine/Plugins/Runtime/OpenXR/Content/Devices/MicrosoftMixedReality/EmissiveTexture.ubulk" 591
"../../../Engine/Plugins/Runtime/OpenXR/Content/Devices/MicrosoftMixedReality/BaseTexture.uasset" 592
"../../../Engine/Plugins/Runtime/OpenXR/Content/Devices/MicrosoftMixedReality/BaseTexture.uexp" 593
"../../../Engine/Plugins/Runtime/OpenXR/Content/Devices/MicrosoftMixedReality/BaseTexture.ubulk" 594
"../../../Engine/Plugins/Runtime/OpenXR/Content/Devices/MicrosoftMixedReality/MI_MicrosoftMixedReality.uasset" 595
"../../../Engine/Plugins/Runtime/OpenXR/Content/Devices/MicrosoftMixedReality/MI_MicrosoftMixedReality.uexp" 596
"../../../Engine/Plugins/Runtime/OpenXR/Content/Devices/MicrosoftMixedReality/Left/left_MicrosoftMixedRealityController.uasset" 597
"../../../Engine/Plugins/Runtime/OpenXR/Content/Devices/MicrosoftMixedReality/Left/left_MicrosoftMixedRealityController.uexp" 598
"../../../Engine/Plugins/Runtime/OpenXR/Content/Devices/MicrosoftMixedReality/Right/right_MicrosoftMixedRealityController.uasset" 599
"../../../Engine/Plugins/Runtime/OpenXR/Content/Devices/MicrosoftMixedReality/Right/right_MicrosoftMixedRealityController.uexp" 600
"../../../Engine/Plugins/Runtime/OpenXR/Content/Devices/OculusGo/BaseTexture.uasset" 601
"../../../Engine/Plugins/Runtime/OpenXR/Content/Devices/OculusGo/BaseTexture.uexp" 602
"../../../Engine/Plugins/Runtime/OpenXR/Content/Devices/OculusGo/BaseTexture.ubulk" 603
"../../../Engine/Plugins/Runtime/OpenXR/Content/Devices/OculusGo/MI_OculusGo.uasset" 604
"../../../Engine/Plugins/Runtime/OpenXR/Content/Devices/OculusGo/MI_OculusGo.uexp" 605
"../../../Engine/Plugins/Runtime/OpenXR/Content/Devices/OculusGo/OculusGoController.uasset" 606
"../../../Engine/Plugins/Runtime/OpenXR/Content/Devices/OculusGo/OculusGoController.uexp" 607
"../../../Engine/Plugins/Runtime/OpenXR/Content/Devices/OculusTouch/MRTexture.uasset" 608
"../../../Engine/Plugins/Runtime/OpenXR/Content/Devices/OculusTouch/MRTexture.uexp" 609
"../../../Engine/Plugins/Runtime/OpenXR/Content/Devices/OculusTouch/MRTexture.ubulk" 610
"../../../Engine/Plugins/Runtime/OpenXR/Content/Devices/OculusTouch/BaseTexture.uasset" 611
"../../../Engine/Plugins/Runtime/OpenXR/Content/Devices/OculusTouch/BaseTexture.uexp" 612
"../../../Engine/Plugins/Runtime/OpenXR/Content/Devices/OculusTouch/BaseTexture.ubulk" 613
"../../../Engine/Plugins/Runtime/OpenXR/Content/Devices/OculusTouch/MI_OculusTouch.uasset" 614
"../../../Engine/Plugins/Runtime/OpenXR/Content/Devices/OculusTouch/MI_OculusTouch.uexp" 615
"../../../Engine/Plugins/Runtime/OpenXR/Content/Devices/OculusTouch/Left/left_OculusTouchController.uasset" 616
"../../../Engine/Plugins/Runtime/OpenXR/Content/Devices/OculusTouch/Left/left_OculusTouchController.uexp" 617
"../../../Engine/Plugins/Runtime/OpenXR/Content/Devices/OculusTouch/Right/right_OculusTouchController.uasset" 618
"../../../Engine/Plugins/Runtime/OpenXR/Content/Devices/OculusTouch/Right/right_OculusTouchController.uexp" 619
"../../../Engine/Plugins/Runtime/OpenXR/Content/Devices/OculusTouch_v2/MRTexture.uasset" 620
"../../../Engine/Plugins/Runtime/OpenXR/Content/Devices/OculusTouch_v2/MRTexture.uexp" 621
"../../../Engine/Plugins/Runtime/OpenXR/Content/Devices/OculusTouch_v2/MRTexture.ubulk" 622
"../../../Engine/Plugins/Runtime/OpenXR/Content/Devices/OculusTouch_v2/BaseTexture.uasset" 623
"../../../Engine/Plugins/Runtime/OpenXR/Content/Devices/OculusTouch_v2/BaseTexture.uexp" 624
"../../../Engine/Plugins/Runtime/OpenXR/Content/Devices/OculusTouch_v2/BaseTexture.ubulk" 625
"../../../Engine/Plugins/Runtime/OpenXR/Content/Devices/OculusTouch_v2/MI_OculusTouch_v2.uasset" 626
"../../../Engine/Plugins/Runtime/OpenXR/Content/Devices/OculusTouch_v2/MI_OculusTouch_v2.uexp" 627
"../../../Engine/Plugins/Runtime/OpenXR/Content/Devices/OculusTouch_v2/Left/left_OculusTouch_v2Controller.uasset" 628
"../../../Engine/Plugins/Runtime/OpenXR/Content/Devices/OculusTouch_v2/Left/left_OculusTouch_v2Controller.uexp" 629
"../../../Engine/Plugins/Runtime/OpenXR/Content/Devices/OculusTouch_v2/Right/right_OculusTouch_v2Controller.uasset" 630
"../../../Engine/Plugins/Runtime/OpenXR/Content/Devices/OculusTouch_v2/Right/right_OculusTouch_v2Controller.uexp" 631
"../../../Engine/Plugins/Runtime/OpenXR/Content/Devices/OculusTouch_v3/MRTexture.uasset" 632
"../../../Engine/Plugins/Runtime/OpenXR/Content/Devices/OculusTouch_v3/MRTexture.uexp" 633
"../../../Engine/Plugins/Runtime/OpenXR/Content/Devices/OculusTouch_v3/MRTexture.ubulk" 634
"../../../Engine/Plugins/Runtime/OpenXR/Content/Devices/OculusTouch_v3/BaseTexture.uasset" 635
"../../../Engine/Plugins/Runtime/OpenXR/Content/Devices/OculusTouch_v3/BaseTexture.uexp" 636
"../../../Engine/Plugins/Runtime/OpenXR/Content/Devices/OculusTouch_v3/BaseTexture.ubulk" 637
"../../../Engine/Plugins/Runtime/OpenXR/Content/Devices/OculusTouch_v3/MI_OculusTouch_v3.uasset" 638
"../../../Engine/Plugins/Runtime/OpenXR/Content/Devices/OculusTouch_v3/MI_OculusTouch_v3.uexp" 639
"../../../Engine/Plugins/Runtime/OpenXR/Content/Devices/OculusTouch_v3/Left/left_OculusTouch_v3Controller.uasset" 640
"../../../Engine/Plugins/Runtime/OpenXR/Content/Devices/OculusTouch_v3/Left/left_OculusTouch_v3Controller.uexp" 641
"../../../Engine/Plugins/Runtime/OpenXR/Content/Devices/OculusTouch_v3/Right/right_OculusTouch_v3Controller.uasset" 642
"../../../Engine/Plugins/Runtime/OpenXR/Content/Devices/OculusTouch_v3/Right/right_OculusTouch_v3Controller.uexp" 643
"../../../Engine/Plugins/Runtime/OpenXR/Content/Devices/ValveIndex/MRTexture.uasset" 644
"../../../Engine/Plugins/Runtime/OpenXR/Content/Devices/ValveIndex/MRTexture.uexp" 645
"../../../Engine/Plugins/Runtime/OpenXR/Content/Devices/ValveIndex/MRTexture.ubulk" 646
"../../../Engine/Plugins/Runtime/OpenXR/Content/Devices/ValveIndex/BaseTexture.uasset" 647
"../../../Engine/Plugins/Runtime/OpenXR/Content/Devices/ValveIndex/BaseTexture.uexp" 648
"../../../Engine/Plugins/Runtime/OpenXR/Content/Devices/ValveIndex/BaseTexture.ubulk" 649
"../../../Engine/Plugins/Runtime/OpenXR/Content/Devices/ValveIndex/Left/MI_left_ValveIndex.uasset" 650
"../../../Engine/Plugins/Runtime/OpenXR/Content/Devices/ValveIndex/Left/MI_left_ValveIndex.uexp" 651
"../../../Engine/Plugins/Runtime/OpenXR/Content/Devices/ValveIndex/Left/left_ValveIndexController.uasset" 652
"../../../Engine/Plugins/Runtime/OpenXR/Content/Devices/ValveIndex/Left/left_ValveIndexController.uexp" 653
"../../../Engine/Plugins/Runtime/OpenXR/Content/Devices/ValveIndex/Right/MI_right_ValveIndex.uasset" 654
"../../../Engine/Plugins/Runtime/OpenXR/Content/Devices/ValveIndex/Right/MI_right_ValveIndex.uexp" 655
"../../../Engine/Plugins/Runtime/OpenXR/Content/Devices/ValveIndex/Right/right_ValveIndexController.uasset" 656
"../../../Engine/Plugins/Runtime/OpenXR/Content/Devices/ValveIndex/Right/right_ValveIndexController.uexp" 657
"../../../Engine/Content/Functions/Engine_MaterialFunctions02/Utility/BreakOutFloat4Components.uasset" 658
"../../../Engine/Content/Functions/Engine_MaterialFunctions02/Utility/BreakOutFloat4Components.uexp" 659
"../../../Engine/Content/Functions/Engine_MaterialFunctions02/Utility/MakeFloat3.uasset" 660
"../../../Engine/Content/Functions/Engine_MaterialFunctions02/Utility/MakeFloat3.uexp" 661
"../../../Engine/Plugins/Runtime/Oculus/OculusVR/Content/Materials/OculusMR_ChromaKey.uasset" 662
"../../../Engine/Plugins/Runtime/Oculus/OculusVR/Content/Materials/OculusMR_ChromaKey.uexp" 663
"../../../Engine/Plugins/Runtime/Oculus/OculusVR/Content/Materials/OculusMR_OpaqueColoredMaterial.uasset" 664
"../../../Engine/Plugins/Runtime/Oculus/OculusVR/Content/Materials/OculusMR_OpaqueColoredMaterial.uexp" 665
"../../../Engine/Plugins/Runtime/Oculus/OculusVR/Content/Materials/PokeAHoleMaterial.uasset" 666
"../../../Engine/Plugins/Runtime/Oculus/OculusVR/Content/Materials/PokeAHoleMaterial.uexp" 667
"../../../Engine/Plugins/Runtime/Oculus/OculusVR/Content/Textures/touchController_controlmap.uasset" 668
"../../../Engine/Plugins/Runtime/Oculus/OculusVR/Content/Textures/touchController_controlmap.uexp" 669
"../../../Engine/Plugins/Runtime/Oculus/OculusVR/Content/Textures/touchController_controlmap.ubulk" 670
"../../../Engine/Plugins/Runtime/Oculus/OculusVR/Content/Textures/touchController_albedo.uasset" 671
"../../../Engine/Plugins/Runtime/Oculus/OculusVR/Content/Textures/touchController_albedo.uexp" 672
"../../../Engine/Plugins/Runtime/Oculus/OculusVR/Content/Textures/touchController_albedo.ubulk" 673
"../../../Engine/Plugins/Runtime/Oculus/OculusVR/Content/Materials/touchController_mat.uasset" 674
"../../../Engine/Plugins/Runtime/Oculus/OculusVR/Content/Materials/touchController_mat.uexp" 675
"../../../Engine/Plugins/Runtime/Oculus/OculusVR/Content/Meshes/LeftTouchController.uasset" 676
"../../../Engine/Plugins/Runtime/Oculus/OculusVR/Content/Meshes/LeftTouchController.uexp" 677
"../../../Engine/Plugins/Runtime/Oculus/OculusVR/Content/Textures/TouchForQuestRiftSController_albedo.uasset" 678
"../../../Engine/Plugins/Runtime/Oculus/OculusVR/Content/Textures/TouchForQuestRiftSController_albedo.uexp" 679
"../../../Engine/Plugins/Runtime/Oculus/OculusVR/Content/Textures/TouchForQuestRiftSController_albedo.ubulk" 680
"../../../Engine/Plugins/Runtime/Oculus/OculusVR/Content/Materials/TouchForQuestRiftSControllerMaterial.uasset" 681
"../../../Engine/Plugins/Runtime/Oculus/OculusVR/Content/Materials/TouchForQuestRiftSControllerMaterial.uexp" 682
"../../../Engine/Plugins/Runtime/Oculus/OculusVR/Content/Meshes/LeftTouchForQuestRiftSController.uasset" 683
"../../../Engine/Plugins/Runtime/Oculus/OculusVR/Content/Meshes/LeftTouchForQuestRiftSController.uexp" 684
"../../../Engine/Plugins/Runtime/Oculus/OculusVR/Content/Meshes/RiftHMD.uasset" 685
"../../../Engine/Plugins/Runtime/Oculus/OculusVR/Content/Meshes/RiftHMD.uexp" 686
"../../../Engine/Plugins/Runtime/Oculus/OculusVR/Content/Meshes/RightTouchController.uasset" 687
"../../../Engine/Plugins/Runtime/Oculus/OculusVR/Content/Meshes/RightTouchController.uexp" 688
"../../../Engine/Plugins/Runtime/Oculus/OculusVR/Content/Meshes/RightTouchForQuestRiftSController.uasset" 689
"../../../Engine/Plugins/Runtime/Oculus/OculusVR/Content/Meshes/RightTouchForQuestRiftSController.uexp" 690
"../../../Engine/Content/EngineSky/T_Sky_Stars.uasset" 691
"../../../Engine/Content/EngineSky/T_Sky_Stars.uexp" 692
"../../../Engine/Content/EngineSky/T_Sky_Stars.ubulk" 693
"C:/Users/Dawid/Documents/Unreal Projects/AntsGame/Content/Maps/Level1_Graphic_BuiltData.uasset" 694
"C:/Users/Dawid/Documents/Unreal Projects/AntsGame/Content/Maps/Level1_Graphic_BuiltData.uexp" 695
"../../../Engine/Content/EngineSky/T_Sky_Blue.uasset" 696
"../../../Engine/Content/EngineSky/T_Sky_Blue.uexp" 697
"../../../Engine/Content/EngineSky/T_Sky_Blue.ubulk" 698
"../../../Engine/Content/EngineSky/T_Sky_Clouds_M.uasset" 699
"../../../Engine/Content/EngineSky/T_Sky_Clouds_M.uexp" 700
"../../../Engine/Content/EngineSky/T_Sky_Clouds_M.ubulk" 701
"../../../Engine/Content/EngineSky/M_Sky_Panning_Clouds2.uasset" 702
"../../../Engine/Content/EngineSky/M_Sky_Panning_Clouds2.uexp" 703
"../../../Engine/Content/EngineSky/SM_SkySphere.uasset" 704
"../../../Engine/Content/EngineSky/SM_SkySphere.uexp" 705
"../../../Engine/Content/EngineSky/C_Sky_Zenith_Color.uasset" 706
"../../../Engine/Content/EngineSky/C_Sky_Zenith_Color.uexp" 707
"../../../Engine/Content/EngineSky/C_Sky_Horizon_Color.uasset" 708
"../../../Engine/Content/EngineSky/C_Sky_Horizon_Color.uexp" 709
"../../../Engine/Content/EngineSky/C_Sky_Cloud_Color.uasset" 710
"../../../Engine/Content/EngineSky/C_Sky_Cloud_Color.uexp" 711
"../../../Engine/Content/EngineSky/BP_Sky_Sphere.uasset" 712
"../../../Engine/Content/EngineSky/BP_Sky_Sphere.uexp" 713
"C:/Users/Dawid/Documents/Unreal Projects/AntsGame/Content/Maps/Level1_Graphic.uexp" 714
"C:/Users/Dawid/Documents/Unreal Projects/AntsGame/Content/Maps/Level1_Graphic.umap" 715
"C:/Users/Dawid/Documents/Unreal Projects/AntsGame/Content/Maps/Level1_Lighting_BuiltData.uasset" 716
"C:/Users/Dawid/Documents/Unreal Projects/AntsGame/Content/Maps/Level1_Lighting_BuiltData.uexp" 717
"C:/Users/Dawid/Documents/Unreal Projects/AntsGame/Content/Maps/Level1_Lighting.uexp" 718
"C:/Users/Dawid/Documents/Unreal Projects/AntsGame/Content/Maps/Level1_Lighting.umap" 719
"../../../Engine/Plugins/Experimental/Water/Content/Meshes/RiverMesh.uasset" 720
"../../../Engine/Plugins/Experimental/Water/Content/Meshes/RiverMesh.uexp" 721
"C:/Users/Dawid/Documents/Unreal Projects/AntsGame/Content/StarterContent/Textures/T_Perlin_Noise_M.uasset" 722
"C:/Users/Dawid/Documents/Unreal Projects/AntsGame/Content/StarterContent/Textures/T_Perlin_Noise_M.uexp" 723
"C:/Users/Dawid/Documents/Unreal Projects/AntsGame/Content/StarterContent/Textures/T_Perlin_Noise_M.ubulk" 724
"C:/Users/Dawid/Documents/Unreal Projects/AntsGame/Content/StarterContent/Textures/T_MacroVariation.uasset" 725
"C:/Users/Dawid/Documents/Unreal Projects/AntsGame/Content/StarterContent/Textures/T_MacroVariation.uexp" 726
"C:/Users/Dawid/Documents/Unreal Projects/AntsGame/Content/StarterContent/Textures/T_Ground_Grass_N.uasset" 727
"C:/Users/Dawid/Documents/Unreal Projects/AntsGame/Content/StarterContent/Textures/T_Ground_Grass_N.uexp" 728
"C:/Users/Dawid/Documents/Unreal Projects/AntsGame/Content/StarterContent/Textures/T_Ground_Grass_N.ubulk" 729
"C:/Users/Dawid/Documents/Unreal Projects/AntsGame/Content/StarterContent/Textures/T_Ground_Grass_D.uasset" 730
"C:/Users/Dawid/Documents/Unreal Projects/AntsGame/Content/StarterContent/Textures/T_Ground_Grass_D.uexp" 731
"C:/Users/Dawid/Documents/Unreal Projects/AntsGame/Content/StarterContent/Textures/T_Ground_Grass_D.ubulk" 732
"C:/Users/Dawid/Documents/Unreal Projects/AntsGame/Content/Assets/Tree/Textures/PineTree_001.uasset" 733
"C:/Users/Dawid/Documents/Unreal Projects/AntsGame/Content/Assets/Tree/Textures/PineTree_001.uexp" 734
"C:/Users/Dawid/Documents/Unreal Projects/AntsGame/Content/Assets/Tree/Textures/PineTree_001.ubulk" 735
"C:/Users/Dawid/Documents/Unreal Projects/AntsGame/Content/Assets/TreeFix/PineTree_001.uasset" 736
"C:/Users/Dawid/Documents/Unreal Projects/AntsGame/Content/Assets/TreeFix/PineTree_001.uexp" 737
"C:/Users/Dawid/Documents/Unreal Projects/AntsGame/Content/Assets/TreeFix/DZEWO_1_.uasset" 738
"C:/Users/Dawid/Documents/Unreal Projects/AntsGame/Content/Assets/TreeFix/DZEWO_1_.uexp" 739
"C:/Users/Dawid/Documents/Unreal Projects/AntsGame/Content/Assets/Stone/Source/sutr14_ncl1_1.uasset" 740
"C:/Users/Dawid/Documents/Unreal Projects/AntsGame/Content/Assets/Stone/Source/sutr14_ncl1_1.uexp" 741
"C:/Users/Dawid/Documents/Unreal Projects/AntsGame/Content/Assets/Stone/Source/sutr14_ncl1_1.ubulk" 742
"C:/Users/Dawid/Documents/Unreal Projects/AntsGame/Content/Assets/Stone/Source/sutr15.uasset" 743
"C:/Users/Dawid/Documents/Unreal Projects/AntsGame/Content/Assets/Stone/Source/sutr15.uexp" 744
"C:/Users/Dawid/Documents/Unreal Projects/AntsGame/Content/Assets/Stone/Source/sutr14.uasset" 745
"C:/Users/Dawid/Documents/Unreal Projects/AntsGame/Content/Assets/Stone/Source/sutr14.uexp" 746
"C:/Users/Dawid/Documents/Unreal Projects/AntsGame/Content/Assets/Stone/Source/sutr14.ubulk" 747
"C:/Users/Dawid/Documents/Unreal Projects/AntsGame/Content/Assets/Log/Log/Textures/0_Root_baseColor.uasset" 748
"C:/Users/Dawid/Documents/Unreal Projects/AntsGame/Content/Assets/Log/Log/Textures/0_Root_baseColor.uexp" 749
"C:/Users/Dawid/Documents/Unreal Projects/AntsGame/Content/Assets/Log/Log/Textures/0_Root_baseColor.ubulk" 750
"C:/Users/Dawid/Documents/Unreal Projects/AntsGame/Content/Assets/Log/Log/Materials/Root.uasset" 751
"C:/Users/Dawid/Documents/Unreal Projects/AntsGame/Content/Assets/Log/Log/Materials/Root.uexp" 752
"C:/Users/Dawid/Documents/Unreal Projects/AntsGame/Content/Assets/Log/Log/0_Cylinder_0.uasset" 753
"C:/Users/Dawid/Documents/Unreal Projects/AntsGame/Content/Assets/Log/Log/0_Cylinder_0.uexp" 754
"C:/Users/Dawid/Documents/Unreal Projects/AntsGame/Content/Assets/Leaf/LEAF/Materials/Material_001.uasset" 755
"C:/Users/Dawid/Documents/Unreal Projects/AntsGame/Content/Assets/Leaf/LEAF/Materials/Material_001.uexp" 756
"C:/Users/Dawid/Documents/Unreal Projects/AntsGame/Content/Assets/Leaf/LEAF/0_scene_mesh_.uasset" 757
"C:/Users/Dawid/Documents/Unreal Projects/AntsGame/Content/Assets/Leaf/LEAF/0_scene_mesh_.uexp" 758
"C:/Users/Dawid/Documents/Unreal Projects/AntsGame/Content/Assets/Branch/branch.uasset" 759
"C:/Users/Dawid/Documents/Unreal Projects/AntsGame/Content/Assets/Branch/branch.uexp" 760
"../../../Engine/Content/EngineMaterials/DefaultPhysicalMaterial.uasset" 761
"../../../Engine/Content/EngineMaterials/DefaultPhysicalMaterial.uexp" 762
"../../../Engine/Plugins/Experimental/Water/Content/Textures/Foam/T_WaterFlow_01_Foam_Tiled_N.uasset" 763
"../../../Engine/Plugins/Experimental/Water/Content/Textures/Foam/T_WaterFlow_01_Foam_Tiled_N.uexp" 764
"../../../Engine/Plugins/Experimental/Water/Content/Textures/Foam/T_WaterFlow_01_Foam_Tiled_N.ubulk" 765
"../../../Engine/Plugins/Experimental/Water/Content/Textures/Foam/T_WaterFlow_01_Foam_Tiled.uasset" 766
"../../../Engine/Plugins/Experimental/Water/Content/Textures/Foam/T_WaterFlow_01_Foam_Tiled.uexp" 767
"../../../Engine/Plugins/Experimental/Water/Content/Textures/Foam/T_WaterFlow_01_Foam_Tiled.ubulk" 768
"../../../Engine/Plugins/Experimental/Water/Content/FluidSimulation/WaveFoam/FoamRT.uasset" 769
"../../../Engine/Plugins/Experimental/Water/Content/FluidSimulation/WaveFoam/FoamRT.uexp" 770
"../../../Engine/Plugins/Experimental/Water/Content/FluidSimulation/WaveFoam/WaterDistanceField.uasset" 771
"../../../Engine/Plugins/Experimental/Water/Content/FluidSimulation/WaveFoam/WaterDistanceField.uexp" 772
"../../../Engine/Plugins/Experimental/Water/Content/Textures/Normals/T_Water_TilingNormal_With_Height_02_Softened.uasset" 773
"../../../Engine/Plugins/Experimental/Water/Content/Textures/Normals/T_Water_TilingNormal_With_Height_02_Softened.uexp" 774
"../../../Engine/Plugins/Experimental/Water/Content/Textures/Normals/T_Water_TilingNormal_With_Height_02_Softened.ubulk" 775
"../../../Engine/Content/Functions/Engine_MaterialFunctions01/Texturing/ComputeMipLevel.uasset" 776
"../../../Engine/Content/Functions/Engine_MaterialFunctions01/Texturing/ComputeMipLevel.uexp" 777
"../../../Engine/Content/Functions/Engine_MaterialFunctions02/Math/Transform3x3Matrix.uasset" 778
"../../../Engine/Content/Functions/Engine_MaterialFunctions02/Math/Transform3x3Matrix.uexp" 779
"../../../Engine/Content/Functions/Engine_MaterialFunctions01/Opacity/AlphaOffset.uasset" 780
"../../../Engine/Content/Functions/Engine_MaterialFunctions01/Opacity/AlphaOffset.uexp" 781
"../../../Engine/Plugins/Experimental/Water/Content/Materials/Functions/HighQualityTextureFiltering.uasset" 782
"../../../Engine/Plugins/Experimental/Water/Content/Materials/Functions/HighQualityTextureFiltering.uexp" 783
"../../../Engine/Plugins/Experimental/Water/Content/Materials/MPC/MPC_Water.uasset" 784
"../../../Engine/Plugins/Experimental/Water/Content/Materials/MPC/MPC_Water.uexp" 785
"../../../Engine/Content/Functions/Engine_MaterialFunctions02/PivotPainter2/Black_1x1_EXR_Texture.uasset" 786
"../../../Engine/Content/Functions/Engine_MaterialFunctions02/PivotPainter2/Black_1x1_EXR_Texture.uexp" 787
"../../../Engine/Plugins/Experimental/Water/Content/Materials/Functions/WaterBodyData.uasset" 788
"../../../Engine/Plugins/Experimental/Water/Content/Materials/Functions/WaterBodyData.uexp" 789
"../../../Engine/Content/Functions/Engine_MaterialFunctions01/Gradient/LinearGradient.uasset" 790
"../../../Engine/Content/Functions/Engine_MaterialFunctions01/Gradient/LinearGradient.uexp" 791
"../../../Engine/Content/Functions/Engine_MaterialFunctions01/ImageAdjustment/CheapContrast.uasset" 792
"../../../Engine/Content/Functions/Engine_MaterialFunctions01/ImageAdjustment/CheapContrast.uexp" 793
"../../../Engine/Content/Functions/Engine_MaterialFunctions02/Texturing/HeightLerp.uasset" 794
"../../../Engine/Content/Functions/Engine_MaterialFunctions02/Texturing/HeightLerp.uexp" 795
"../../../Engine/Content/Functions/Engine_MaterialFunctions01/Gradient/BoxMask-2D.uasset" 796
"../../../Engine/Content/Functions/Engine_MaterialFunctions01/Gradient/BoxMask-2D.uexp" 797
"../../../Engine/Content/EngineSky/VolumetricClouds/T_NoiseShape.uasset" 798
"../../../Engine/Content/EngineSky/VolumetricClouds/T_NoiseShape.uexp" 799
"../../../Engine/Content/EngineSky/VolumetricClouds/T_NoiseShape.ubulk" 800
"../../../Engine/Content/EngineSky/VolumetricClouds/T_NoiseShape.uptnl" 801
"../../../Engine/Content/EngineSky/VolumetricClouds/T_VolumeNoiseShape128.uasset" 802
"../../../Engine/Content/EngineSky/VolumetricClouds/T_VolumeNoiseShape128.uexp" 803
"../../../Engine/Plugins/Experimental/Water/Content/Materials/Layers/BeachFoam.uasset" 804
"../../../Engine/Plugins/Experimental/Water/Content/Materials/Layers/BeachFoam.uexp" 805
"../../../Engine/Plugins/Experimental/Water/Content/Materials/Functions/WaveVelocityMask.uasset" 806
"../../../Engine/Plugins/Experimental/Water/Content/Materials/Functions/WaveVelocityMask.uexp" 807
"../../../Engine/Content/Functions/Engine_MaterialFunctions02/ExampleContent/Textures/water_n.uasset" 808
"../../../Engine/Content/Functions/Engine_MaterialFunctions02/ExampleContent/Textures/water_n.uexp" 809
"../../../Engine/Content/Functions/Engine_MaterialFunctions02/ExampleContent/Textures/water_n.ubulk" 810
"../../../Engine/Content/Functions/Engine_MaterialFunctions02/ExampleContent/Textures/water_d.uasset" 811
"../../../Engine/Content/Functions/Engine_MaterialFunctions02/ExampleContent/Textures/water_d.uexp" 812
"../../../Engine/Content/Functions/Engine_MaterialFunctions02/ExampleContent/Textures/water_d.ubulk" 813
"../../../Engine/Content/Functions/Engine_MaterialFunctions02/ExampleContent/Textures/LowResBlurredNoise.uasset" 814
"../../../Engine/Content/Functions/Engine_MaterialFunctions02/ExampleContent/Textures/LowResBlurredNoise.uexp" 815
"../../../Engine/Content/Functions/Engine_MaterialFunctions02/Math/AddComponents.uasset" 816
"../../../Engine/Content/Functions/Engine_MaterialFunctions02/Math/AddComponents.uexp" 817
"../../../Engine/Content/Functions/Engine_MaterialFunctions02/Math/MakeVectorsOrthogonal.uasset" 818
"../../../Engine/Content/Functions/Engine_MaterialFunctions02/Math/MakeVectorsOrthogonal.uexp" 819
"../../../Engine/Content/EngineMaterials/DefaultNormal.uasset" 820
"../../../Engine/Content/EngineMaterials/DefaultNormal.uexp" 821
"../../../Engine/Content/EngineMaterials/DefaultNormal.ubulk" 822
"../../../Engine/Content/Functions/Engine_MaterialFunctions02/Math/TimeWithSpeedVariable.uasset" 823
"../../../Engine/Content/Functions/Engine_MaterialFunctions02/Math/TimeWithSpeedVariable.uexp" 824
"../../../Engine/Content/Functions/Engine_MaterialFunctions02/Utility/LinearSine.uasset" 825
"../../../Engine/Content/Functions/Engine_MaterialFunctions02/Utility/LinearSine.uexp" 826
"../../../Engine/Content/Functions/Engine_MaterialFunctions02/Texturing/Flowmaps.uasset" 827
"../../../Engine/Content/Functions/Engine_MaterialFunctions02/Texturing/Flowmaps.uexp" 828
"../../../Engine/Content/Functions/Engine_MaterialFunctions01/Coordinates/WorldPosition-XY.uasset" 829
"../../../Engine/Content/Functions/Engine_MaterialFunctions01/Coordinates/WorldPosition-XY.uexp" 830
"../../../Engine/Plugins/Experimental/Water/Content/Materials/Functions/WaterRiverFlowmaps.uasset" 831
"../../../Engine/Plugins/Experimental/Water/Content/Materials/Functions/WaterRiverFlowmaps.uexp" 832
"../../../Engine/Plugins/Experimental/Water/Content/Materials/Functions/WaterOpacityMaskFromDepth.uasset" 833
"../../../Engine/Plugins/Experimental/Water/Content/Materials/Functions/WaterOpacityMaskFromDepth.uexp" 834
"../../../Engine/Plugins/Experimental/Water/Content/Materials/Functions/WaterHeightMappingVS.uasset" 835
"../../../Engine/Plugins/Experimental/Water/Content/Materials/Functions/WaterHeightMappingVS.uexp" 836
"../../../Engine/Plugins/Experimental/Water/Content/Materials/Functions/WaterCoefficientMask.uasset" 837
"../../../Engine/Plugins/Experimental/Water/Content/Materials/Functions/WaterCoefficientMask.uexp" 838
"../../../Engine/Plugins/Experimental/Water/Content/Materials/Functions/ComputeWavesAttenuationFactor.uasset" 839
"../../../Engine/Plugins/Experimental/Water/Content/Materials/Functions/ComputeWavesAttenuationFactor.uexp" 840
"../../../Engine/Plugins/Experimental/Water/Content/Materials/Functions/WaveDepthFalloff_Overrides.uasset" 841
"../../../Engine/Plugins/Experimental/Water/Content/Materials/Functions/WaveDepthFalloff_Overrides.uexp" 842
"../../../Engine/Plugins/Experimental/Water/Content/Materials/Layers/WaterAttributes.uasset" 843
"../../../Engine/Plugins/Experimental/Water/Content/Materials/Layers/WaterAttributes.uexp" 844
"../../../Engine/Plugins/Experimental/Water/Content/Materials/Functions/WaterTextureWaves.uasset" 845
"../../../Engine/Plugins/Experimental/Water/Content/Materials/Functions/WaterTextureWaves.uexp" 846
"../../../Engine/Plugins/Experimental/Water/Content/Materials/Functions/WaterTextureSurface.uasset" 847
"../../../Engine/Plugins/Experimental/Water/Content/Materials/Functions/WaterTextureSurface.uexp" 848
"../../../Engine/Plugins/Experimental/Water/Content/Materials/Functions/Water_Underside.uasset" 849
"../../../Engine/Plugins/Experimental/Water/Content/Materials/Functions/Water_Underside.uexp" 850
"../../../Engine/Plugins/Experimental/Water/Content/Materials/Functions/SetWaveAttributes.uasset" 851
"../../../Engine/Plugins/Experimental/Water/Content/Materials/Functions/SetWaveAttributes.uexp" 852
"../../../Engine/Plugins/Experimental/Water/Content/FluidSimulation/Materials/Functions/Fluidsim_WorldPosition_to_UV.uasset" 853
"../../../Engine/Plugins/Experimental/Water/Content/FluidSimulation/Materials/Functions/Fluidsim_WorldPosition_to_UV.uexp" 854
"../../../Engine/Plugins/Experimental/Water/Content/Materials/Functions/SampleFluidSimulation.uasset" 855
"../../../Engine/Plugins/Experimental/Water/Content/Materials/Functions/SampleFluidSimulation.uexp" 856
"../../../Engine/Plugins/Experimental/Water/Content/Materials/Functions/WorldPositionBehindWater.uasset" 857
"../../../Engine/Plugins/Experimental/Water/Content/Materials/Functions/WorldPositionBehindWater.uexp" 858
"../../../Engine/Plugins/Experimental/Water/Content/Materials/Functions/WorldNormalBehindWater.uasset" 859
"../../../Engine/Plugins/Experimental/Water/Content/Materials/Functions/WorldNormalBehindWater.uexp" 860
"../../../Engine/Plugins/Experimental/Water/Content/Materials/Functions/GetWaterTime.uasset" 861
"../../../Engine/Plugins/Experimental/Water/Content/Materials/Functions/GetWaterTime.uexp" 862
"../../../Engine/Plugins/Experimental/Water/Content/Materials/Functions/ComputeGerstnerWaves.uasset" 863
"../../../Engine/Plugins/Experimental/Water/Content/Materials/Functions/ComputeGerstnerWaves.uexp" 864
"../../../Engine/Plugins/Experimental/Water/Content/Caustics/Materials/Functions/GetDistortionUV.uasset" 865
"../../../Engine/Plugins/Experimental/Water/Content/Caustics/Materials/Functions/GetDistortionUV.uexp" 866
"../../../Engine/Plugins/Experimental/Water/Content/Caustics/Materials/Functions/WaterCaustics_GerstnerWaves.uasset" 867
"../../../Engine/Plugins/Experimental/Water/Content/Caustics/Materials/Functions/WaterCaustics_GerstnerWaves.uexp" 868
"../../../Engine/Plugins/Experimental/Landmass/Content/Landscape/BlueprintBrushes/MPC/MPC_Landscape.uasset" 869
"../../../Engine/Plugins/Experimental/Landmass/Content/Landscape/BlueprintBrushes/MPC/MPC_Landscape.uexp" 870
"../../../Engine/Plugins/Experimental/Water/Content/Materials/WaterSurface/Water_Material.uasset" 871
"../../../Engine/Plugins/Experimental/Water/Content/Materials/WaterSurface/Water_Material.uexp" 872
"../../../Engine/Plugins/Experimental/Water/Content/Materials/WaterSurface/Water_Material_Inst.uasset" 873
"../../../Engine/Plugins/Experimental/Water/Content/Materials/WaterSurface/Water_Material_Inst.uexp" 874
"../../../Engine/Plugins/Experimental/Water/Content/Materials/WaterSurface/Water_Material_River.uasset" 875
"../../../Engine/Plugins/Experimental/Water/Content/Materials/WaterSurface/Water_Material_River.uexp" 876
"../../../Engine/Plugins/Experimental/Water/Content/Materials/WaterSurface/Transitions/Water_Material_River_To_Ocean_Transition.uasset" 877
"../../../Engine/Plugins/Experimental/Water/Content/Materials/WaterSurface/Transitions/Water_Material_River_To_Ocean_Transition.uexp" 878
"../../../Engine/Content/Functions/Engine_MaterialFunctions01/Texturing/TextureCropping.uasset" 879
"../../../Engine/Content/Functions/Engine_MaterialFunctions01/Texturing/TextureCropping.uexp" 880
"../../../Engine/Content/Functions/Engine_MaterialFunctions02/ExampleContent/Textures/DebugNumberPeriod.uasset" 881
"../../../Engine/Content/Functions/Engine_MaterialFunctions02/ExampleContent/Textures/DebugNumberPeriod.uexp" 882
"../../../Engine/Content/Functions/Engine_MaterialFunctions02/ExampleContent/DebugNumberStrip.uasset" 883
"../../../Engine/Content/Functions/Engine_MaterialFunctions02/ExampleContent/DebugNumberStrip.uexp" 884
"../../../Engine/Content/Functions/Engine_MaterialFunctions02/Utility/DebugScalarValues.uasset" 885
"../../../Engine/Content/Functions/Engine_MaterialFunctions02/Utility/DebugScalarValues.uexp" 886
"../../../Engine/Content/Functions/Engine_MaterialFunctions01/Texturing/ScaleUVsByCenter.uasset" 887
"../../../Engine/Content/Functions/Engine_MaterialFunctions01/Texturing/ScaleUVsByCenter.uexp" 888
"../../../Engine/Content/Functions/Engine_MaterialFunctions01/Volumetrics/SchlickPhase.uasset" 889
"../../../Engine/Content/Functions/Engine_MaterialFunctions01/Volumetrics/SchlickPhase.uexp" 890
"../../../Engine/Content/Functions/Engine_MaterialFunctions02/ScreenResolution.uasset" 891
"../../../Engine/Content/Functions/Engine_MaterialFunctions02/ScreenResolution.uexp" 892
"../../../Engine/Content/Functions/Engine_MaterialFunctions02/Texturing/ScreenAlignedUVs.uasset" 893
"../../../Engine/Content/Functions/Engine_MaterialFunctions02/Texturing/ScreenAlignedUVs.uexp" 894
"../../../Engine/Plugins/Experimental/Water/Content/Materials/PostProcessing/M_UnderWater_PostProcess_Volume.uasset" 895
"../../../Engine/Plugins/Experimental/Water/Content/Materials/PostProcessing/M_UnderWater_PostProcess_Volume.uexp" 896
"../../../Engine/Plugins/Experimental/Landmass/Content/Landscape/Mats/MF/SmoothTerracing.uasset" 897
"../../../Engine/Plugins/Experimental/Landmass/Content/Landscape/Mats/MF/SmoothTerracing.uexp" 898
"../../../Engine/Plugins/Experimental/Landmass/Content/Landscape/Mats/MF/SmoothIntersections.uasset" 899
"../../../Engine/Plugins/Experimental/Landmass/Content/Landscape/Mats/MF/SmoothIntersections.uexp" 900
"../../../Engine/Content/Functions/Engine_MaterialFunctions02/WorldPositionOffset/GenerateASpline.uasset" 901
"../../../Engine/Content/Functions/Engine_MaterialFunctions02/WorldPositionOffset/GenerateASpline.uexp" 902
"../../../Engine/Content/MapTemplates/TilingNoise05.uasset" 903
"../../../Engine/Content/MapTemplates/TilingNoise05.uexp" 904
"../../../Engine/Content/MapTemplates/TilingNoise05.ubulk" 905
"../../../Engine/Plugins/Experimental/Landmass/Content/Landscape/Mats/MF/CatmullRomTexture.uasset" 906
"../../../Engine/Plugins/Experimental/Landmass/Content/Landscape/Mats/MF/CatmullRomTexture.uexp" 907
"../../../Engine/Content/Functions/Engine_MaterialFunctions01/Math/SmoothCeil.uasset" 908
"../../../Engine/Content/Functions/Engine_MaterialFunctions01/Math/SmoothCeil.uexp" 909
"../../../Engine/Plugins/Experimental/Landmass/Content/Landscape/Mats/MF/BrushTerracing.uasset" 910
"../../../Engine/Plugins/Experimental/Landmass/Content/Landscape/Mats/MF/BrushTerracing.uexp" 911
"../../../Engine/Content/Functions/Engine_MaterialFunctions01/ImageAdjustment/SCurve.uasset" 912
"../../../Engine/Content/Functions/Engine_MaterialFunctions01/ImageAdjustment/SCurve.uexp" 913
"../../../Engine/Plugins/Experimental/Landmass/Content/Landscape/Mats/MF/BrushDisplaceMask.uasset" 914
"../../../Engine/Plugins/Experimental/Landmass/Content/Landscape/Mats/MF/BrushDisplaceMask.uexp" 915
"../../../Engine/Plugins/Experimental/Landmass/Content/Landscape/Mats/MF/BrushBlendModes.uasset" 916
"../../../Engine/Plugins/Experimental/Landmass/Content/Landscape/Mats/MF/BrushBlendModes.uexp" 917
"../../../Engine/Content/EngineResources/Black_Low.uasset" 918
"../../../Engine/Content/EngineResources/Black_Low.uexp" 919
"../../../Engine/Plugins/Experimental/Landmass/Content/Landscape/Mats/MF/BrushAlphaMask.uasset" 920
"../../../Engine/Plugins/Experimental/Landmass/Content/Landscape/Mats/MF/BrushAlphaMask.uexp" 921
"../../../Engine/Plugins/Experimental/Landmass/Content/Landscape/Mats/MF/UnpackRG8Height.uasset" 922
"../../../Engine/Plugins/Experimental/Landmass/Content/Landscape/Mats/MF/UnpackRG8Height.uexp" 923
"../../../Engine/Plugins/Experimental/Landmass/Content/Landscape/BlueprintBrushes/MF/PointSampleLandscapeUVs.uasset" 924
"../../../Engine/Plugins/Experimental/Landmass/Content/Landscape/BlueprintBrushes/MF/PointSampleLandscapeUVs.uexp" 925
"../../../Engine/Plugins/Experimental/Landmass/Content/Landscape/BlueprintBrushes/MF/ReadCachedDistanceField.uasset" 926
"../../../Engine/Plugins/Experimental/Landmass/Content/Landscape/BlueprintBrushes/MF/ReadCachedDistanceField.uexp" 927
"../../../Engine/Plugins/Experimental/Landmass/Content/Landscape/BlueprintBrushes/MF/PackRG8Height.uasset" 928
"../../../Engine/Plugins/Experimental/Landmass/Content/Landscape/BlueprintBrushes/MF/PackRG8Height.uexp" 929
"../../../Engine/Plugins/Experimental/Water/Content/Materials/Brushes/MeshBrush_Width.uasset" 930
"../../../Engine/Plugins/Experimental/Water/Content/Materials/Brushes/MeshBrush_Width.uexp" 931
"../../../Engine/Plugins/Experimental/Water/Content/Materials/Brushes/MeshBrush_Weightmap.uasset" 932
"../../../Engine/Plugins/Experimental/Water/Content/Materials/Brushes/MeshBrush_Weightmap.uexp" 933
"../../../Engine/Plugins/Experimental/Landmass/Content/Landscape/BlueprintBrushes/MF/BrushBlendModes.uasset" 934
"../../../Engine/Plugins/Experimental/Landmass/Content/Landscape/BlueprintBrushes/MF/BrushBlendModes.uexp" 935
"../../../Engine/Plugins/Experimental/Landmass/Content/Landscape/Curves/DynamicCurve_RT.uasset" 936
"../../../Engine/Plugins/Experimental/Landmass/Content/Landscape/Curves/DynamicCurve_RT.uexp" 937
"../../../Engine/Plugins/Experimental/Water/Content/Materials/Brushes/MeshBrush_Island.uasset" 938
"../../../Engine/Plugins/Experimental/Water/Content/Materials/Brushes/MeshBrush_Island.uexp" 939
"../../../Engine/Plugins/Experimental/Landmass/Content/Landscape/BlueprintBrushes/MF/SmoothIntersections.uasset" 940
"../../../Engine/Plugins/Experimental/Landmass/Content/Landscape/BlueprintBrushes/MF/SmoothIntersections.uexp" 941
"../../../Engine/Plugins/Experimental/Landmass/Content/Landscape/BlueprintBrushes/MF/BrushTerracing.uasset" 942
"../../../Engine/Plugins/Experimental/Landmass/Content/Landscape/BlueprintBrushes/MF/BrushTerracing.uexp" 943
"../../../Engine/Plugins/Experimental/Landmass/Content/Landscape/BlueprintBrushes/MF/BrushDisplaceMask.uasset" 944
"../../../Engine/Plugins/Experimental/Landmass/Content/Landscape/BlueprintBrushes/MF/BrushDisplaceMask.uexp" 945
"../../../Engine/Plugins/Experimental/Landmass/Content/Landscape/BlueprintBrushes/MF/BrushAlphaMask.uasset" 946
"../../../Engine/Plugins/Experimental/Landmass/Content/Landscape/BlueprintBrushes/MF/BrushAlphaMask.uexp" 947
"../../../Engine/Plugins/Experimental/Water/Content/Materials/Brushes/MeshBrush_Angle.uasset" 948
"../../../Engine/Plugins/Experimental/Water/Content/Materials/Brushes/MeshBrush_Angle.uexp" 949
"../../../Engine/Plugins/Experimental/Landmass/Content/Landscape/BlueprintBrushes/MF/UnpackRG8Height.uasset" 950
"../../../Engine/Plugins/Experimental/Landmass/Content/Landscape/BlueprintBrushes/MF/UnpackRG8Height.uexp" 951
"../../../Engine/Plugins/Experimental/Water/Content/Materials/Brushes/FinalizeWaterTexture.uasset" 952
"../../../Engine/Plugins/Experimental/Water/Content/Materials/Brushes/FinalizeWaterTexture.uexp" 953
"../../../Engine/Plugins/Experimental/Landmass/Content/Landscape/BlueprintBrushes/MF/LocalizeLandscapeZValue.uasset" 954
"../../../Engine/Plugins/Experimental/Landmass/Content/Landscape/BlueprintBrushes/MF/LocalizeLandscapeZValue.uexp" 955
"../../../Engine/Plugins/Experimental/Water/Content/Materials/Brushes/CompositeWaterBodyTexture.uasset" 956
"../../../Engine/Plugins/Experimental/Water/Content/Materials/Brushes/CompositeWaterBodyTexture.uexp" 957
"../../../Engine/Plugins/Experimental/Water/Content/Materials/Brushes/CanvasDrawing.uasset" 958
"../../../Engine/Plugins/Experimental/Water/Content/Materials/Brushes/CanvasDrawing.uexp" 959
"../../../Engine/Content/Functions/Engine_MaterialFunctions02/TangentBasis.uasset" 960
"../../../Engine/Content/Functions/Engine_MaterialFunctions02/TangentBasis.uexp" 961
"../../../Engine/Plugins/Experimental/Landmass/Content/Landscape/BlueprintBrushes/Materials/RenderSplineDepths.uasset" 962
"../../../Engine/Plugins/Experimental/Landmass/Content/Landscape/BlueprintBrushes/Materials/RenderSplineDepths.uexp" 963
"../../../Engine/Plugins/Experimental/Landmass/Content/Landscape/Mats/MPC/MPC_Erosion.uasset" 964
"../../../Engine/Plugins/Experimental/Landmass/Content/Landscape/Mats/MPC/MPC_Erosion.uexp" 965
"../../../Engine/Plugins/Experimental/Landmass/Content/Landscape/BlueprintBrushes/MF/SampleDistanceField.uasset" 966
"../../../Engine/Plugins/Experimental/Landmass/Content/Landscape/BlueprintBrushes/MF/SampleDistanceField.uexp" 967
"../../../Engine/Plugins/Experimental/Landmass/Content/Landscape/BlueprintBrushes/Materials/CacheDistanceField.uasset" 968
"../../../Engine/Plugins/Experimental/Landmass/Content/Landscape/BlueprintBrushes/Materials/CacheDistanceField.uexp" 969
"../../../Engine/Plugins/Experimental/Landmass/Content/DistanceFields/Materials/JumpFloodStep.uasset" 970
"../../../Engine/Plugins/Experimental/Landmass/Content/DistanceFields/Materials/JumpFloodStep.uexp" 971
"../../../Engine/Plugins/Experimental/Landmass/Content/Landscape/Textures/LS_Debug_RT_01.uasset" 972
"../../../Engine/Plugins/Experimental/Landmass/Content/Landscape/Textures/LS_Debug_RT_01.uexp" 973
"../../../Engine/Plugins/Experimental/Landmass/Content/DistanceFields/Materials/DetectEdges.uasset" 974
"../../../Engine/Plugins/Experimental/Landmass/Content/DistanceFields/Materials/DetectEdges.uexp" 975
"../../../Engine/Plugins/Experimental/Landmass/Content/DistanceFields/Materials/BlurEdges.uasset" 976
"../../../Engine/Plugins/Experimental/Landmass/Content/DistanceFields/Materials/BlurEdges.uexp" 977
"C:/Users/Dawid/Documents/Unreal Projects/AntsGame/Content/StarterContent/Materials/M_Ground_Grass.uasset" 978
"C:/Users/Dawid/Documents/Unreal Projects/AntsGame/Content/StarterContent/Materials/M_Ground_Grass.uexp" 979
"C:/Users/Dawid/Documents/Unreal Projects/AntsGame/Content/Assets/Branch/Materials/branch_DefaultMaterial_BaseColor.uasset" 980
"C:/Users/Dawid/Documents/Unreal Projects/AntsGame/Content/Assets/Branch/Materials/branch_DefaultMaterial_BaseColor.uexp" 981
"C:/Users/Dawid/Documents/Unreal Projects/AntsGame/Content/Assets/Branch/Materials/branch_DefaultMaterial_BaseColor.ubulk" 982
"C:/Users/Dawid/Documents/Unreal Projects/AntsGame/Content/Assets/Branch/BranchM.uasset" 983
"C:/Users/Dawid/Documents/Unreal Projects/AntsGame/Content/Assets/Branch/BranchM.uexp" 984
"C:/Users/Dawid/Documents/Unreal Projects/AntsGame/Content/Maps/Level1_P_BuiltData.uasset" 985
"C:/Users/Dawid/Documents/Unreal Projects/AntsGame/Content/Maps/Level1_P_BuiltData.uexp" 986
"C:/Users/Dawid/Documents/Unreal Projects/AntsGame/Content/Maps/Level1_P_BuiltData.ubulk" 987
"../../../Engine/Plugins/Experimental/Water/Content/Curves/FloatCurve.uasset" 988
"../../../Engine/Plugins/Experimental/Water/Content/Curves/FloatCurve.uexp" 989
"../../../Engine/Plugins/Experimental/Water/Content/Materials/WaterSurface/Transitions/Water_Material_River_To_Lake_Transition.uasset" 990
"../../../Engine/Plugins/Experimental/Water/Content/Materials/WaterSurface/Transitions/Water_Material_River_To_Lake_Transition.uexp" 991
"C:/Users/Dawid/Documents/Unreal Projects/AntsGame/Content/Maps/Level1_P.uexp" 992
"C:/Users/Dawid/Documents/Unreal Projects/AntsGame/Content/Maps/Level1_P.umap" 993
"C:/Users/Dawid/Documents/Unreal Projects/AntsGame/Content/Assets/Logo/Logo.uasset" 994
"C:/Users/Dawid/Documents/Unreal Projects/AntsGame/Content/Assets/Logo/Logo.uexp" 995
"C:/Users/Dawid/Documents/Unreal Projects/AntsGame/Content/Blueprints/MenuWidget.uasset" 996
"C:/Users/Dawid/Documents/Unreal Projects/AntsGame/Content/Blueprints/MenuWidget.uexp" 997
"C:/Users/Dawid/Documents/Unreal Projects/AntsGame/Content/Assets/Bush/Source/Small_Cluster_summer_Opacity.uasset" 998
"C:/Users/Dawid/Documents/Unreal Projects/AntsGame/Content/Assets/Bush/Source/Small_Cluster_summer_Opacity.uexp" 999
"C:/Users/Dawid/Documents/Unreal Projects/AntsGame/Content/Assets/Bush/Source/Small_Cluster_summer_Opacity.ubulk" 1000
"C:/Users/Dawid/Documents/Unreal Projects/AntsGame/Content/Assets/Bush/Source/Small_Cluster_summer_Normal.uasset" 1001
"C:/Users/Dawid/Documents/Unreal Projects/AntsGame/Content/Assets/Bush/Source/Small_Cluster_summer_Normal.uexp" 1002
"C:/Users/Dawid/Documents/Unreal Projects/AntsGame/Content/Assets/Bush/Source/Small_Cluster_summer_Normal.ubulk" 1003
"C:/Users/Dawid/Documents/Unreal Projects/AntsGame/Content/Assets/Bush/Source/Small_Cluster_summer.uasset" 1004
"C:/Users/Dawid/Documents/Unreal Projects/AntsGame/Content/Assets/Bush/Source/Small_Cluster_summer.uexp" 1005
"C:/Users/Dawid/Documents/Unreal Projects/AntsGame/Content/Assets/Bush/Source/Small_Cluster_summer.ubulk" 1006
"C:/Users/Dawid/Documents/Unreal Projects/AntsGame/Content/Assets/Bush/Source/Small_Cluster_summer_Mat.uasset" 1007
"C:/Users/Dawid/Documents/Unreal Projects/AntsGame/Content/Assets/Bush/Source/Small_Cluster_summer_Mat.uexp" 1008
"C:/Users/Dawid/Documents/Unreal Projects/AntsGame/Content/Assets/Bush/Source/Small_Cluster_spring_Opacity.uasset" 1009
"C:/Users/Dawid/Documents/Unreal Projects/AntsGame/Content/Assets/Bush/Source/Small_Cluster_spring_Opacity.uexp" 1010
"C:/Users/Dawid/Documents/Unreal Projects/AntsGame/Content/Assets/Bush/Source/Small_Cluster_spring_Opacity.ubulk" 1011
"C:/Users/Dawid/Documents/Unreal Projects/AntsGame/Content/Assets/Bush/Source/Small_Cluster_spring_Normal.uasset" 1012
"C:/Users/Dawid/Documents/Unreal Projects/AntsGame/Content/Assets/Bush/Source/Small_Cluster_spring_Normal.uexp" 1013
"C:/Users/Dawid/Documents/Unreal Projects/AntsGame/Content/Assets/Bush/Source/Small_Cluster_spring_Normal.ubulk" 1014
"C:/Users/Dawid/Documents/Unreal Projects/AntsGame/Content/Assets/Bush/Source/Small_Cluster_spring.uasset" 1015
"C:/Users/Dawid/Documents/Unreal Projects/AntsGame/Content/Assets/Bush/Source/Small_Cluster_spring.uexp" 1016
"C:/Users/Dawid/Documents/Unreal Projects/AntsGame/Content/Assets/Bush/Source/Small_Cluster_spring.ubulk" 1017
"C:/Users/Dawid/Documents/Unreal Projects/AntsGame/Content/Assets/Bush/Source/Small_Cluster_spring_Mat.uasset" 1018
"C:/Users/Dawid/Documents/Unreal Projects/AntsGame/Content/Assets/Bush/Source/Small_Cluster_spring_Mat.uexp" 1019
"C:/Users/Dawid/Documents/Unreal Projects/AntsGame/Content/Assets/Bush/Source/Large_Cluster_summer_Opacity.uasset" 1020
"C:/Users/Dawid/Documents/Unreal Projects/AntsGame/Content/Assets/Bush/Source/Large_Cluster_summer_Opacity.uexp" 1021
"C:/Users/Dawid/Documents/Unreal Projects/AntsGame/Content/Assets/Bush/Source/Large_Cluster_summer_Opacity.ubulk" 1022
"C:/Users/Dawid/Documents/Unreal Projects/AntsGame/Content/Assets/Bush/Source/Large_Cluster_summer_Normal.uasset" 1023
"C:/Users/Dawid/Documents/Unreal Projects/AntsGame/Content/Assets/Bush/Source/Large_Cluster_summer_Normal.uexp" 1024
"C:/Users/Dawid/Documents/Unreal Projects/AntsGame/Content/Assets/Bush/Source/Large_Cluster_summer_Normal.ubulk" 1025
"C:/Users/Dawid/Documents/Unreal Projects/AntsGame/Content/Assets/Bush/Source/Large_Cluster_summer.uasset" 1026
"C:/Users/Dawid/Documents/Unreal Projects/AntsGame/Content/Assets/Bush/Source/Large_Cluster_summer.uexp" 1027
"C:/Users/Dawid/Documents/Unreal Projects/AntsGame/Content/Assets/Bush/Source/Large_Cluster_summer.ubulk" 1028
"C:/Users/Dawid/Documents/Unreal Projects/AntsGame/Content/Assets/Bush/Source/Large_Cluster_summer_Mat.uasset" 1029
"C:/Users/Dawid/Documents/Unreal Projects/AntsGame/Content/Assets/Bush/Source/Large_Cluster_summer_Mat.uexp" 1030
"C:/Users/Dawid/Documents/Unreal Projects/AntsGame/Content/Assets/Bush/Source/Large_Cluster_spring_Opacity.uasset" 1031
"C:/Users/Dawid/Documents/Unreal Projects/AntsGame/Content/Assets/Bush/Source/Large_Cluster_spring_Opacity.uexp" 1032
"C:/Users/Dawid/Documents/Unreal Projects/AntsGame/Content/Assets/Bush/Source/Large_Cluster_spring_Opacity.ubulk" 1033
"C:/Users/Dawid/Documents/Unreal Projects/AntsGame/Content/Assets/Bush/Source/Large_Cluster_spring_Normal.uasset" 1034
"C:/Users/Dawid/Documents/Unreal Projects/AntsGame/Content/Assets/Bush/Source/Large_Cluster_spring_Normal.uexp" 1035
"C:/Users/Dawid/Documents/Unreal Projects/AntsGame/Content/Assets/Bush/Source/Large_Cluster_spring_Normal.ubulk" 1036
"C:/Users/Dawid/Documents/Unreal Projects/AntsGame/Content/Assets/Bush/Source/Large_Cluster_spring.uasset" 1037
"C:/Users/Dawid/Documents/Unreal Projects/AntsGame/Content/Assets/Bush/Source/Large_Cluster_spring.uexp" 1038
"C:/Users/Dawid/Documents/Unreal Projects/AntsGame/Content/Assets/Bush/Source/Large_Cluster_spring.ubulk" 1039
"C:/Users/Dawid/Documents/Unreal Projects/AntsGame/Content/Assets/Bush/Source/Large_Cluster_spring_Mat.uasset" 1040
"C:/Users/Dawid/Documents/Unreal Projects/AntsGame/Content/Assets/Bush/Source/Large_Cluster_spring_Mat.uexp" 1041
"C:/Users/Dawid/Documents/Unreal Projects/AntsGame/Content/Assets/Bush/Source/Branch_2_Opacity.uasset" 1042
"C:/Users/Dawid/Documents/Unreal Projects/AntsGame/Content/Assets/Bush/Source/Branch_2_Opacity.uexp" 1043
"C:/Users/Dawid/Documents/Unreal Projects/AntsGame/Content/Assets/Bush/Source/Branch_2_Opacity.ubulk" 1044
"C:/Users/Dawid/Documents/Unreal Projects/AntsGame/Content/Assets/Bush/Source/Branch_2_Normal.uasset" 1045
"C:/Users/Dawid/Documents/Unreal Projects/AntsGame/Content/Assets/Bush/Source/Branch_2_Normal.uexp" 1046
"C:/Users/Dawid/Documents/Unreal Projects/AntsGame/Content/Assets/Bush/Source/Branch_2_Normal.ubulk" 1047
"C:/Users/Dawid/Documents/Unreal Projects/AntsGame/Content/Assets/Bush/Source/Branch_2.uasset" 1048
"C:/Users/Dawid/Documents/Unreal Projects/AntsGame/Content/Assets/Bush/Source/Branch_2.uexp" 1049
"C:/Users/Dawid/Documents/Unreal Projects/AntsGame/Content/Assets/Bush/Source/Branch_2.ubulk" 1050
"C:/Users/Dawid/Documents/Unreal Projects/AntsGame/Content/Assets/Bush/Source/Branch_2_Mat.uasset" 1051
"C:/Users/Dawid/Documents/Unreal Projects/AntsGame/Content/Assets/Bush/Source/Branch_2_Mat.uexp" 1052
"C:/Users/Dawid/Documents/Unreal Projects/AntsGame/Content/Assets/Bush/Source/Branch_1_Opacity.uasset" 1053
"C:/Users/Dawid/Documents/Unreal Projects/AntsGame/Content/Assets/Bush/Source/Branch_1_Opacity.uexp" 1054
"C:/Users/Dawid/Documents/Unreal Projects/AntsGame/Content/Assets/Bush/Source/Branch_1_Opacity.ubulk" 1055
"C:/Users/Dawid/Documents/Unreal Projects/AntsGame/Content/Assets/Bush/Source/Branch_1_Normal.uasset" 1056
"C:/Users/Dawid/Documents/Unreal Projects/AntsGame/Content/Assets/Bush/Source/Branch_1_Normal.uexp" 1057
"C:/Users/Dawid/Documents/Unreal Projects/AntsGame/Content/Assets/Bush/Source/Branch_1_Normal.ubulk" 1058
"C:/Users/Dawid/Documents/Unreal Projects/AntsGame/Content/Assets/Bush/Source/Branch_1.uasset" 1059
"C:/Users/Dawid/Documents/Unreal Projects/AntsGame/Content/Assets/Bush/Source/Branch_1.uexp" 1060
"C:/Users/Dawid/Documents/Unreal Projects/AntsGame/Content/Assets/Bush/Source/Branch_1.ubulk" 1061
"C:/Users/Dawid/Documents/Unreal Projects/AntsGame/Content/Assets/Bush/Source/Branch_1_Mat.uasset" 1062
"C:/Users/Dawid/Documents/Unreal Projects/AntsGame/Content/Assets/Bush/Source/Branch_1_Mat.uexp" 1063
"C:/Users/Dawid/Documents/Unreal Projects/AntsGame/Content/Assets/Bush/Source/Bark_Normal.uasset" 1064
"C:/Users/Dawid/Documents/Unreal Projects/AntsGame/Content/Assets/Bush/Source/Bark_Normal.uexp" 1065
"C:/Users/Dawid/Documents/Unreal Projects/AntsGame/Content/Assets/Bush/Source/Bark_Normal.ubulk" 1066
"C:/Users/Dawid/Documents/Unreal Projects/AntsGame/Content/Assets/Bush/Source/Bark.uasset" 1067
"C:/Users/Dawid/Documents/Unreal Projects/AntsGame/Content/Assets/Bush/Source/Bark.uexp" 1068
"C:/Users/Dawid/Documents/Unreal Projects/AntsGame/Content/Assets/Bush/Source/Bark.ubulk" 1069
"C:/Users/Dawid/Documents/Unreal Projects/AntsGame/Content/Assets/Bush/Source/Bark_Mat.uasset" 1070
"C:/Users/Dawid/Documents/Unreal Projects/AntsGame/Content/Assets/Bush/Source/Bark_Mat.uexp" 1071
"C:/Users/Dawid/Documents/Unreal Projects/AntsGame/Content/Assets/Bush/Source/Bush_Hero.uasset" 1072
"C:/Users/Dawid/Documents/Unreal Projects/AntsGame/Content/Assets/Bush/Source/Bush_Hero.uexp" 1073
"C:/Users/Dawid/Documents/Unreal Projects/AntsGame/Content/Blueprints/MenuGameMode.uasset" 1074
"C:/Users/Dawid/Documents/Unreal Projects/AntsGame/Content/Blueprints/MenuGameMode.uexp" 1075
"C:/Users/Dawid/Documents/Unreal Projects/AntsGame/Content/Assets/Units/animations/Idle.uasset" 1076
"C:/Users/Dawid/Documents/Unreal Projects/AntsGame/Content/Assets/Units/animations/Idle.uexp" 1077
"C:/Users/Dawid/Documents/Unreal Projects/AntsGame/Content/Blueprints/BP_AntMenu.uasset" 1078
"C:/Users/Dawid/Documents/Unreal Projects/AntsGame/Content/Blueprints/BP_AntMenu.uexp" 1079
"C:/Users/Dawid/Documents/Unreal Projects/AntsGame/Content/Maps/Menu.uexp" 1080
"C:/Users/Dawid/Documents/Unreal Projects/AntsGame/Content/Maps/Menu.ubulk" 1081
"C:/Users/Dawid/Documents/Unreal Projects/AntsGame/Content/Maps/Menu.umap" 1082
"C:/Users/Dawid/Documents/Unreal Projects/AntsGame/Content/Maps/Level1_Gameplay_BuiltData.uasset" 1083
"C:/Users/Dawid/Documents/Unreal Projects/AntsGame/Content/Maps/Level1_Gameplay_BuiltData.uexp" 1084
"C:/Users/Dawid/Documents/Unreal Projects/AntsGame/Content/Maps/Level1_Gameplay.uexp" 1085
"C:/Users/Dawid/Documents/Unreal Projects/AntsGame/Content/Maps/Level1_Gameplay.umap" 1086
"../../../Engine/Content/Maps/Entry_BuiltData.uasset" 1087
"../../../Engine/Content/Maps/Entry_BuiltData.uexp" 1088
"../../../Engine/Content/Maps/Entry.uexp" 1089
"../../../Engine/Content/Maps/Entry.umap" 1090
